2025-06-23 11:48:01 - financial_scraper - INFO - Collecting financial news from Boursenews...
2025-06-23 11:48:07 - financial_scraper - INFO - Found 15 potential financial articles from Boursenews
2025-06-23 11:48:18 - financial_scraper - WARNING - Skipping https://boursenews.ma/article/marches/portefeuille-boursenews-investisseur - Not a valid article
2025-06-23 11:48:21 - financial_scraper - WARNING - Skipping https://boursenews.ma/articles/marches/2 - Not a valid article
2025-06-23 11:48:24 - financial_scraper - WARNING - Skipping https://boursenews.ma/article/marches/feuille-de-marche - Not a valid article
2025-06-23 11:48:43 - financial_scraper - WARNING - Skipping https://boursenews.ma/articles/marches/5 - Not a valid article
2025-06-23 11:48:55 - financial_scraper - WARNING - Skipping https://boursenews.ma/article/marches/Le-faible-usage-angalais-bourse - Not a valid article
2025-06-23 11:49:01 - financial_scraper - WARNING - Skipping https://boursenews.ma/articles/marches/3 - Not a valid article
2025-06-23 11:49:04 - financial_scraper - WARNING - Skipping https://boursenews.ma/articles/marches/4 - Not a valid article
2025-06-23 11:49:04 - financial_scraper - INFO - Successfully parsed 8 valid financial articles from Boursenews
2025-06-23 11:49:04 - financial_scraper - INFO - Collecting financial news from FLM...
2025-06-23 11:49:05 - financial_scraper - INFO - Found 15 potential financial articles from FLM
2025-06-23 11:49:11 - financial_scraper - WARNING - Skipping https://flm.ma/video.php?id=719 - Not a valid article
2025-06-23 11:49:14 - financial_scraper - WARNING - Skipping https://flm.ma/news.php?id=54776 - Not a financial article
2025-06-23 11:49:24 - financial_scraper - WARNING - Skipping https://flm.ma/news.php?id=54772 - Not a financial article
2025-06-23 11:49:27 - financial_scraper - WARNING - Skipping https://flm.ma/news.php?id=54774 - Not a financial article
2025-06-23 11:49:32 - financial_scraper - WARNING - Skipping https://flm.ma/news.php?id=54790 - Not a financial article
2025-06-23 11:49:35 - financial_scraper - WARNING - Skipping https://flm.ma/article.php?id=12469 - Not a valid article
2025-06-23 11:49:43 - financial_scraper - WARNING - Skipping https://flm.ma/news.php?id=54759 - Not a financial article
2025-06-23 11:49:45 - financial_scraper - WARNING - Skipping https://flm.ma/news.php?id=54779 - Not a valid article
2025-06-23 11:49:48 - financial_scraper - WARNING - Skipping https://flm.ma/news.php?id=54758 - Not a valid article
2025-06-23 11:49:48 - financial_scraper - INFO - Successfully parsed 6 valid financial articles from FLM
2025-06-23 11:49:48 - financial_scraper - INFO - Collecting financial news from Le Desk...
2025-06-23 11:49:48 - financial_scraper - INFO - Found 1 potential financial articles from Le Desk
2025-06-23 11:49:51 - financial_scraper - INFO - Successfully parsed 1 valid financial articles from Le Desk
2025-06-23 11:49:51 - financial_scraper - INFO - Collecting financial news from H24Info...
2025-06-23 11:49:51 - financial_scraper - INFO - Found 0 potential financial articles from H24Info
2025-06-23 11:49:51 - financial_scraper - INFO - Successfully parsed 0 valid financial articles from H24Info
2025-06-23 11:49:51 - financial_scraper - INFO - Collecting financial news from Le Matin...
2025-06-23 11:49:52 - financial_scraper - INFO - Found 15 potential financial articles from Le Matin
2025-06-23 11:50:04 - financial_scraper - WARNING - Skipping https://lematin.ma/economie/ryad-mezzour-financera-les-projets-des-chambres-dindustrie-et-de-commerce/286893 - Not a valid article
2025-06-23 11:50:11 - financial_scraper - WARNING - Skipping https://lematin.ma/economie/vicenne-vise-700-millions-de-dirhams-de-projets-apres-son-ipo-en-bourse/286506 - Not a valid article
2025-06-23 11:50:35 - financial_scraper - WARNING - Skipping https://lematin.ma/economie/le-maroc-bien-positionne-pour-capter-les-financements-de-la-bid/286723 - Not a valid article
2025-06-23 11:50:35 - financial_scraper - INFO - Successfully parsed 12 valid financial articles from Le Matin
2025-06-23 11:50:35 - financial_scraper - INFO - Collecting financial news from Medias24...
2025-06-23 11:50:35 - financial_scraper - INFO - Found 15 potential financial articles from Medias24
2025-06-23 11:51:18 - financial_scraper - WARNING - Skipping https://medias24.com/2025/06/20/un-nouveau-parking-de-142-places-ouvre-ses-portes-a-rabat/ - Not a financial article
2025-06-23 11:51:18 - financial_scraper - INFO - Successfully parsed 14 valid financial articles from Medias24
2025-06-23 11:51:18 - financial_scraper - INFO - Collecting financial news from Finance News - Financial...
2025-06-23 11:51:18 - financial_scraper - INFO - Found 15 potential financial articles from Finance News - Financial
2025-06-23 11:51:24 - financial_scraper - WARNING - Skipping https://fnh.ma/article/actualite-financiere-maroc/mnes-cotees-bourse-casablanca - Not a valid article
2025-06-23 11:51:34 - financial_scraper - WARNING - Skipping https://fnh.ma/articles/actualite-financiere-maroc/3 - Not a valid article
2025-06-23 11:51:38 - financial_scraper - WARNING - Skipping https://fnh.ma/article/actualite-financiere-maroc/bourse-casablanca-2025 - Not a valid article
2025-06-23 11:51:46 - financial_scraper - WARNING - Skipping https://fnh.ma/articles/actualite-financiere-maroc - Not a valid article
2025-06-23 11:51:50 - financial_scraper - WARNING - Skipping https://fnh.ma/article/actualite-financiere-maroc/saham-bank-societe-generale - Not a valid article
2025-06-23 11:52:05 - financial_scraper - WARNING - Skipping https://fnh.ma/articles/actualite-financiere-maroc/464 - Not a valid article
2025-06-23 11:52:10 - financial_scraper - WARNING - Skipping https://fnh.ma/article/actualite-financiere-maroc/zoom-vicenne-bourse-de-casablanca - Not a valid article
2025-06-23 11:52:16 - financial_scraper - WARNING - Skipping https://fnh.ma/articles/actualite-financiere-maroc/2 - Not a valid article
2025-06-23 11:52:20 - financial_scraper - WARNING - Skipping https://fnh.ma/articles/actualite-financiere-maroc/4 - Not a valid article
2025-06-23 11:52:22 - financial_scraper - WARNING - Skipping https://fnh.ma/articles/actualite-financiere-maroc/5 - Not a valid article
2025-06-23 11:52:40 - financial_scraper - INFO - Successfully parsed 5 valid financial articles from Finance News - Financial
2025-06-23 11:52:40 - financial_scraper - INFO - Collecting financial news from Finance News - Economic...
2025-06-23 11:52:42 - financial_scraper - INFO - Found 15 potential financial articles from Finance News - Economic
2025-06-23 11:53:05 - financial_scraper - WARNING - Skipping https://fnh.ma/articles/actualite-economique/4 - Not a valid article
2025-06-23 11:53:18 - financial_scraper - WARNING - Skipping https://fnh.ma/articles/actualite-economique/5 - Not a valid article
2025-06-23 11:53:21 - financial_scraper - WARNING - Skipping https://fnh.ma/articles/actualite-economique/3 - Not a valid article
2025-06-23 11:53:52 - financial_scraper - WARNING - Skipping https://fnh.ma/articles/actualite-economique/2 - Not a valid article
2025-06-23 11:54:00 - financial_scraper - WARNING - Skipping https://fnh.ma/articles/actualite-economique - Not a valid article
2025-06-23 11:54:00 - financial_scraper - INFO - Successfully parsed 10 valid financial articles from Finance News - Economic
2025-06-23 11:54:00 - financial_scraper - INFO - Created new file with 56 financial articles at /Users/mac/Desktop/Moroccan_Financial_News_Analysis_System/data/raw/moroccan_financial_news.csv
