2025-06-19 12:00:05 - scraper - INFO - Collecting news from Boursenews...
2025-06-19 12:00:12 - scraper - INFO - Found 20 potential articles from Boursenews
2025-06-19 12:01:00 - scraper - ERROR - Error parsing article https://boursenews.ma/article/actualite/petrole-frappes-israel-iran: Article `download()` failed with HTTPSConnectionPool(host='boursenews.ma', port=443): Max retries exceeded with url: /article/actualite/petrole-frappes-israel-iran (Caused by NameResolutionError("<urllib3.connection.HTTPSConnection object at 0x134a69b50>: Failed to resolve 'boursenews.ma' ([Errno 8] nodename nor servname provided, or not known)")) on URL https://boursenews.ma/article/actualite/petrole-frappes-israel-iran
2025-06-19 12:01:03 - scraper - ERROR - Error parsing article https://boursenews.ma/article/actualite/Le-Roadshow-Regional-annuel-de-TAMWILCOM-poursuit-sa-tournee-a-Laayoune: Article `download()` failed with HTTPSConnectionPool(host='boursenews.ma', port=443): Max retries exceeded with url: /article/actualite/Le-Roadshow-Regional-annuel-de-TAMWILCOM-poursuit-sa-tournee-a-Laayoune (Caused by NameResolutionError("<urllib3.connection.HTTPSConnection object at 0x134a69850>: Failed to resolve 'boursenews.ma' ([Errno 8] nodename nor servname provided, or not known)")) on URL https://boursenews.ma/article/actualite/Le-Roadshow-Regional-annuel-de-TAMWILCOM-poursuit-sa-tournee-a-Laayoune
2025-06-19 12:01:12 - scraper - WARNING - Skipping https://boursenews.ma/article/marches/Societe-Generale-devient-Saham-Bank - Not a valid article
2025-06-19 12:01:37 - scraper - WARNING - Skipping https://boursenews.ma/articles/marches/4 - Not a valid article
2025-06-19 12:01:43 - scraper - WARNING - Skipping https://boursenews.ma/article/marches/portefeuille-boursenews-investisseur - Not a valid article
2025-06-19 12:03:08 - scraper - WARNING - Skipping https://boursenews.ma/articles/marches/5 - Not a valid article
2025-06-19 12:03:26 - scraper - WARNING - Skipping https://boursenews.ma/article/marches/feuille-de-marche - Not a valid article
2025-06-19 12:03:47 - scraper - WARNING - Skipping https://boursenews.ma/articles/marches/2 - Not a valid article
2025-06-19 12:18:56 - scraper - INFO - Successfully parsed 12 valid articles from Boursenews
2025-06-19 12:18:56 - scraper - INFO - Collecting news from FLM...
2025-06-19 12:18:57 - scraper - INFO - Found 98 potential articles on FLM
2025-06-19 12:18:57 - scraper - INFO - Found 20 potential articles from FLM
2025-06-19 12:19:03 - scraper - WARNING - Skipping https://flm.ma/news.php?id=54771 - Not a valid article
2025-06-19 12:34:35 - scraper - WARNING - Skipping https://flm.ma/article.php?id=12494 - Not a valid article
2025-06-19 12:34:46 - scraper - WARNING - Skipping https://flm.ma/article.php?id=12485 - Not a valid article
2025-06-19 12:34:51 - scraper - WARNING - Skipping https://flm.ma/article.php?id=12477 - Not a valid article
2025-06-19 12:34:58 - scraper - WARNING - Skipping https://flm.ma/article.php?id=12475 - Not a valid article
2025-06-19 12:34:58 - scraper - INFO - Successfully parsed 15 valid articles from FLM
2025-06-19 12:34:58 - scraper - INFO - Collecting news from Le Desk...
2025-06-19 12:34:58 - scraper - INFO - Found 3 potential articles from Le Desk
2025-06-19 12:35:05 - scraper - WARNING - Skipping https://ledesk.ma/2025/06/18/casablanca-accueille-le-10eme-centre-de-recherche-doracle-dans-le-monde/ - Not a valid article
2025-06-19 12:35:05 - scraper - INFO - Successfully parsed 2 valid articles from Le Desk
2025-06-19 12:35:05 - scraper - INFO - Collecting news from H24Info...
2025-06-19 12:35:09 - scraper - INFO - Found 15 potential articles from H24Info
2025-06-19 12:50:34 - scraper - ERROR - Error parsing article https://h24info.ma/economie/bien-etre-au-travail-un-defi/: Article `download()` failed with HTTPSConnectionPool(host='h24info.ma', port=443): Read timed out. (read timeout=20) on URL https://h24info.ma/economie/bien-etre-au-travail-un-defi/
2025-06-19 12:50:40 - scraper - ERROR - Error parsing article https://h24info.ma/economie/travail-enfants-62-000-activites-dangereuses/: Article `download()` failed with HTTPSConnectionPool(host='h24info.ma', port=443): Max retries exceeded with url: /economie/travail-enfants-62-000-activites-dangereuses/ (Caused by NameResolutionError("<urllib3.connection.HTTPSConnection object at 0x134ce1f50>: Failed to resolve 'h24info.ma' ([Errno 8] nodename nor servname provided, or not known)")) on URL https://h24info.ma/economie/travail-enfants-62-000-activites-dangereuses/
2025-06-19 12:50:47 - scraper - WARNING - Skipping https://h24info.ma/economie/infrastructures-culture-transport-casablanca-settat-devoile-ses-grands-projets-video/ - Not a valid article
2025-06-19 12:50:57 - scraper - WARNING - Skipping https://h24info.ma/economie/officiel-societe-generale-maroc-change-de-nom-et-devient-saham-bank/ - Not a valid article
2025-06-19 13:06:11 - scraper - WARNING - Skipping http://h24info.ma/economie/?PageSpeed=noscript - Not a valid article
2025-06-19 13:06:32 - scraper - INFO - Successfully parsed 10 valid articles from H24Info
2025-06-19 13:06:32 - scraper - INFO - Collecting news from Le Matin...
2025-06-19 13:06:33 - scraper - INFO - Found 20 potential articles from Le Matin
2025-06-19 13:06:47 - scraper - WARNING - Skipping https://lematin.ma/economie/pas-de-panique-a-la-bourse-de-casablanca-malgre-les-tensions-mondiales/286241 - Not a valid article
2025-06-19 13:21:53 - scraper - WARNING - Skipping https://lematin.ma/economie/pluies-hors-saison-les-cereales-et-dautres-cultures-a-rude-epreuve/286268 - Not a valid article
2025-06-19 13:22:06 - scraper - WARNING - Skipping https://lematin.ma/economie/vicenne-prepare-son-entree-a-la-bourse-de-casablanca/286317 - Not a valid article
2025-06-19 13:22:27 - scraper - INFO - Successfully parsed 17 valid articles from Le Matin
2025-06-19 13:22:27 - scraper - INFO - Collecting news from Medias24...
2025-06-19 13:22:28 - scraper - INFO - Found 12 potential articles from Medias24
2025-06-19 13:22:45 - scraper - WARNING - Skipping https://medias24.com/2025/06/19/vicenne-visa-ammc-introduction-en-bourse/ - Not a valid article
2025-06-19 13:22:47 - scraper - WARNING - Skipping https://medias24.com/2025/06/18/ventes-de-ciment-en-forte-reprise-grands-chantiers-sportifs-le-secteur-de-la-construction-retrouve-un-cycle-porteur-en-bourse/ - Not a valid article
2025-06-19 13:22:52 - scraper - WARNING - Skipping https://medias24.com/2025/06/11/per-banques-valorisation-2025/ - Not a valid article
2025-06-19 13:22:54 - scraper - WARNING - Skipping https://medias24.com/categorie/economie/ - Not a valid article
2025-06-19 13:22:56 - scraper - INFO - Successfully parsed 8 valid articles from Medias24
2025-06-19 13:22:56 - scraper - INFO - Collecting news from Finance News - Financial...
2025-06-19 13:22:57 - scraper - INFO - Found 10 potential articles from Finance News - Financial
2025-06-19 13:38:12 - scraper - WARNING - Skipping https://fnh.ma/article/actualite-financiere-maroc/saham-bank-societe-generale - Not a valid article
2025-06-19 13:38:29 - scraper - WARNING - Skipping https://fnh.ma/article/actualite-financiere-maroc/zoom-vicenne-bourse-de-casablanca - Not a valid article
2025-06-19 13:38:48 - scraper - INFO - Successfully parsed 8 valid articles from Finance News - Financial
2025-06-19 13:38:48 - scraper - INFO - Collecting news from Finance News - Economic...
2025-06-19 13:38:49 - scraper - INFO - Found 10 potential articles from Finance News - Economic
2025-06-19 13:43:20 - scraper - ERROR - Error parsing article https://fnh.ma/article/actualite-economique/Pr%C3%A9visions%20%C3%A9conomiques%20:%20la%20Banque%20mondiale%20ajuste%20%C3%A0%20la%20baisse%20ses%20projections%20pour%20le%20Maroc: Article `download()` failed with HTTPSConnectionPool(host='fnh.ma', port=443): Read timed out. (read timeout=20) on URL https://fnh.ma/article/actualite-economique/Pr%C3%A9visions%20%C3%A9conomiques%20:%20la%20Banque%20mondiale%20ajuste%20%C3%A0%20la%20baisse%20ses%20projections%20pour%20le%20Maroc
2025-06-19 13:48:33 - scraper - INFO - Successfully parsed 9 valid articles from Finance News - Economic
2025-06-19 13:48:33 - scraper - INFO - Added 23 new articles to /Users/mac/Desktop/Moroccan_Financial_News_Analysis_System/try4_cl/data/raw/moroccan_financial_news.csv
2025-06-19 16:00:03 - scraper - INFO - Collecting news from Boursenews...
2025-06-19 16:00:03 - scraper - WARNING - Attempt 1/3 failed for https://boursenews.ma/articles/marches: HTTPSConnectionPool(host='boursenews.ma', port=443): Max retries exceeded with url: /articles/marches (Caused by NameResolutionError("<urllib3.connection.HTTPSConnection object at 0x118eaab50>: Failed to resolve 'boursenews.ma' ([Errno 8] nodename nor servname provided, or not known)"))
2025-06-19 16:00:03 - scraper - INFO - Retrying in 27.99 seconds...
2025-06-19 16:00:31 - scraper - WARNING - Attempt 2/3 failed for https://boursenews.ma/articles/marches: HTTPSConnectionPool(host='boursenews.ma', port=443): Max retries exceeded with url: /articles/marches (Caused by NameResolutionError("<urllib3.connection.HTTPSConnection object at 0x118eb0710>: Failed to resolve 'boursenews.ma' ([Errno 8] nodename nor servname provided, or not known)"))
2025-06-19 16:00:31 - scraper - INFO - Retrying in 44.60 seconds...
2025-06-19 16:01:15 - scraper - WARNING - Attempt 3/3 failed for https://boursenews.ma/articles/marches: HTTPSConnectionPool(host='boursenews.ma', port=443): Max retries exceeded with url: /articles/marches (Caused by NameResolutionError("<urllib3.connection.HTTPSConnection object at 0x118eb2810>: Failed to resolve 'boursenews.ma' ([Errno 8] nodename nor servname provided, or not known)"))
2025-06-19 16:01:15 - scraper - ERROR - All retries failed for https://boursenews.ma/articles/marches
2025-06-19 16:01:15 - scraper - INFO - Found 0 potential articles from Boursenews
2025-06-19 16:01:15 - scraper - INFO - Successfully parsed 0 valid articles from Boursenews
2025-06-19 16:01:15 - scraper - INFO - Collecting news from FLM...
2025-06-19 16:01:15 - scraper - WARNING - Attempt 1/3 failed for https://flm.ma/economie.php: HTTPSConnectionPool(host='flm.ma', port=443): Max retries exceeded with url: /economie.php (Caused by NameResolutionError("<urllib3.connection.HTTPSConnection object at 0x118ebccd0>: Failed to resolve 'flm.ma' ([Errno 8] nodename nor servname provided, or not known)"))
2025-06-19 16:01:15 - scraper - INFO - Retrying in 22.97 seconds...
2025-06-19 16:01:38 - scraper - WARNING - Attempt 2/3 failed for https://flm.ma/economie.php: HTTPSConnectionPool(host='flm.ma', port=443): Max retries exceeded with url: /economie.php (Caused by NameResolutionError("<urllib3.connection.HTTPSConnection object at 0x118ebee10>: Failed to resolve 'flm.ma' ([Errno 8] nodename nor servname provided, or not known)"))
2025-06-19 16:01:38 - scraper - INFO - Retrying in 40.75 seconds...
2025-06-19 16:02:19 - scraper - WARNING - Attempt 3/3 failed for https://flm.ma/economie.php: HTTPSConnectionPool(host='flm.ma', port=443): Max retries exceeded with url: /economie.php (Caused by NameResolutionError("<urllib3.connection.HTTPSConnection object at 0x118ebe9d0>: Failed to resolve 'flm.ma' ([Errno 8] nodename nor servname provided, or not known)"))
2025-06-19 16:02:19 - scraper - ERROR - All retries failed for https://flm.ma/economie.php
2025-06-19 16:02:19 - scraper - INFO - Found 0 potential articles from FLM
2025-06-19 16:02:19 - scraper - INFO - Successfully parsed 0 valid articles from FLM
2025-06-19 16:02:19 - scraper - INFO - Collecting news from Le Desk...
2025-06-19 16:02:19 - scraper - WARNING - Attempt 1/3 failed for https://ledesk.ma/encontinu/: HTTPSConnectionPool(host='ledesk.ma', port=443): Max retries exceeded with url: /encontinu/ (Caused by NameResolutionError("<urllib3.connection.HTTPSConnection object at 0x118ebcad0>: Failed to resolve 'ledesk.ma' ([Errno 8] nodename nor servname provided, or not known)"))
2025-06-19 16:02:19 - scraper - INFO - Retrying in 27.24 seconds...
2025-06-19 16:02:47 - scraper - WARNING - Attempt 2/3 failed for https://ledesk.ma/encontinu/: HTTPSConnectionPool(host='ledesk.ma', port=443): Max retries exceeded with url: /encontinu/ (Caused by NameResolutionError("<urllib3.connection.HTTPSConnection object at 0x118eb3050>: Failed to resolve 'ledesk.ma' ([Errno 8] nodename nor servname provided, or not known)"))
2025-06-19 16:02:47 - scraper - INFO - Retrying in 36.84 seconds...
2025-06-19 16:03:23 - scraper - WARNING - Attempt 3/3 failed for https://ledesk.ma/encontinu/: HTTPSConnectionPool(host='ledesk.ma', port=443): Max retries exceeded with url: /encontinu/ (Caused by NameResolutionError("<urllib3.connection.HTTPSConnection object at 0x118eb0650>: Failed to resolve 'ledesk.ma' ([Errno 8] nodename nor servname provided, or not known)"))
2025-06-19 16:03:23 - scraper - ERROR - All retries failed for https://ledesk.ma/encontinu/
2025-06-19 16:03:23 - scraper - INFO - Found 0 potential articles from Le Desk
2025-06-19 16:03:23 - scraper - INFO - Successfully parsed 0 valid articles from Le Desk
2025-06-19 16:03:23 - scraper - INFO - Collecting news from H24Info...
2025-06-19 16:03:23 - scraper - WARNING - Attempt 1/3 failed for https://www.h24info.ma/economie/: HTTPSConnectionPool(host='www.h24info.ma', port=443): Max retries exceeded with url: /economie/ (Caused by NameResolutionError("<urllib3.connection.HTTPSConnection object at 0x118ecd810>: Failed to resolve 'www.h24info.ma' ([Errno 8] nodename nor servname provided, or not known)"))
2025-06-19 16:03:23 - scraper - INFO - Retrying in 26.44 seconds...
2025-06-19 16:03:50 - scraper - WARNING - Attempt 2/3 failed for https://www.h24info.ma/economie/: HTTPSConnectionPool(host='www.h24info.ma', port=443): Max retries exceeded with url: /economie/ (Caused by NameResolutionError("<urllib3.connection.HTTPSConnection object at 0x118ecf650>: Failed to resolve 'www.h24info.ma' ([Errno 8] nodename nor servname provided, or not known)"))
2025-06-19 16:03:50 - scraper - INFO - Retrying in 37.10 seconds...
2025-06-19 16:04:27 - scraper - WARNING - Attempt 3/3 failed for https://www.h24info.ma/economie/: HTTPSConnectionPool(host='www.h24info.ma', port=443): Max retries exceeded with url: /economie/ (Caused by NameResolutionError("<urllib3.connection.HTTPSConnection object at 0x118eb2390>: Failed to resolve 'www.h24info.ma' ([Errno 8] nodename nor servname provided, or not known)"))
2025-06-19 16:04:27 - scraper - ERROR - All retries failed for https://www.h24info.ma/economie/
2025-06-19 16:04:27 - scraper - INFO - Found 0 potential articles from H24Info
2025-06-19 16:04:27 - scraper - INFO - Successfully parsed 0 valid articles from H24Info
2025-06-19 16:04:27 - scraper - INFO - Collecting news from Le Matin...
2025-06-19 16:04:27 - scraper - WARNING - Attempt 1/3 failed for https://lematin.ma/economie: HTTPSConnectionPool(host='lematin.ma', port=443): Max retries exceeded with url: /economie (Caused by NameResolutionError("<urllib3.connection.HTTPSConnection object at 0x118eb2ad0>: Failed to resolve 'lematin.ma' ([Errno 8] nodename nor servname provided, or not known)"))
2025-06-19 16:04:27 - scraper - INFO - Retrying in 22.55 seconds...
2025-06-19 16:04:50 - scraper - WARNING - Attempt 2/3 failed for https://lematin.ma/economie: HTTPSConnectionPool(host='lematin.ma', port=443): Max retries exceeded with url: /economie (Caused by NameResolutionError("<urllib3.connection.HTTPSConnection object at 0x118ecebd0>: Failed to resolve 'lematin.ma' ([Errno 8] nodename nor servname provided, or not known)"))
2025-06-19 16:04:50 - scraper - INFO - Retrying in 39.31 seconds...
2025-06-19 16:05:29 - scraper - WARNING - Attempt 3/3 failed for https://lematin.ma/economie: HTTPSConnectionPool(host='lematin.ma', port=443): Max retries exceeded with url: /economie (Caused by NameResolutionError("<urllib3.connection.HTTPSConnection object at 0x118ecc750>: Failed to resolve 'lematin.ma' ([Errno 8] nodename nor servname provided, or not known)"))
2025-06-19 16:05:29 - scraper - ERROR - All retries failed for https://lematin.ma/economie
2025-06-19 16:05:29 - scraper - INFO - Found 0 potential articles from Le Matin
2025-06-19 16:05:29 - scraper - INFO - Successfully parsed 0 valid articles from Le Matin
2025-06-19 16:05:29 - scraper - INFO - Collecting news from Medias24...
2025-06-19 16:05:29 - scraper - WARNING - Attempt 1/3 failed for https://medias24.com/categorie/leboursier/: HTTPSConnectionPool(host='medias24.com', port=443): Max retries exceeded with url: /categorie/leboursier/ (Caused by NameResolutionError("<urllib3.connection.HTTPSConnection object at 0x118eaac10>: Failed to resolve 'medias24.com' ([Errno 8] nodename nor servname provided, or not known)"))
2025-06-19 16:05:29 - scraper - INFO - Retrying in 26.14 seconds...
2025-06-19 16:05:55 - scraper - WARNING - Attempt 2/3 failed for https://medias24.com/categorie/leboursier/: HTTPSConnectionPool(host='medias24.com', port=443): Max retries exceeded with url: /categorie/leboursier/ (Caused by NameResolutionError("<urllib3.connection.HTTPSConnection object at 0x118ebfbd0>: Failed to resolve 'medias24.com' ([Errno 8] nodename nor servname provided, or not known)"))
2025-06-19 16:05:55 - scraper - INFO - Retrying in 35.92 seconds...
2025-06-19 16:06:31 - scraper - WARNING - Attempt 3/3 failed for https://medias24.com/categorie/leboursier/: HTTPSConnectionPool(host='medias24.com', port=443): Max retries exceeded with url: /categorie/leboursier/ (Caused by NameResolutionError("<urllib3.connection.HTTPSConnection object at 0x118ed5950>: Failed to resolve 'medias24.com' ([Errno 8] nodename nor servname provided, or not known)"))
2025-06-19 16:06:31 - scraper - ERROR - All retries failed for https://medias24.com/categorie/leboursier/
2025-06-19 16:06:31 - scraper - INFO - Found 0 potential articles from Medias24
2025-06-19 16:06:31 - scraper - INFO - Successfully parsed 0 valid articles from Medias24
2025-06-19 16:06:31 - scraper - INFO - Collecting news from Finance News - Financial...
2025-06-19 16:06:31 - scraper - WARNING - Attempt 1/4 failed for https://fnh.ma/articles/actualite-financiere-maroc: HTTPSConnectionPool(host='fnh.ma', port=443): Max retries exceeded with url: /articles/actualite-financiere-maroc (Caused by NameResolutionError("<urllib3.connection.HTTPSConnection object at 0x118ebed10>: Failed to resolve 'fnh.ma' ([Errno 8] nodename nor servname provided, or not known)"))
2025-06-19 16:06:31 - scraper - INFO - Retrying in 24.36 seconds...
2025-06-19 16:06:56 - scraper - WARNING - Attempt 2/4 failed for https://fnh.ma/articles/actualite-financiere-maroc: HTTPSConnectionPool(host='fnh.ma', port=443): Max retries exceeded with url: /articles/actualite-financiere-maroc (Caused by NameResolutionError("<urllib3.connection.HTTPSConnection object at 0x118ebd410>: Failed to resolve 'fnh.ma' ([Errno 8] nodename nor servname provided, or not known)"))
2025-06-19 16:06:56 - scraper - INFO - Retrying in 44.26 seconds...
2025-06-19 16:07:40 - scraper - WARNING - Attempt 3/4 failed for https://fnh.ma/articles/actualite-financiere-maroc: HTTPSConnectionPool(host='fnh.ma', port=443): Max retries exceeded with url: /articles/actualite-financiere-maroc (Caused by NameResolutionError("<urllib3.connection.HTTPSConnection object at 0x118ecdc90>: Failed to resolve 'fnh.ma' ([Errno 8] nodename nor servname provided, or not known)"))
2025-06-19 16:07:40 - scraper - INFO - Retrying in 51.60 seconds...
2025-06-19 16:08:32 - scraper - WARNING - Attempt 4/4 failed for https://fnh.ma/articles/actualite-financiere-maroc: HTTPSConnectionPool(host='fnh.ma', port=443): Max retries exceeded with url: /articles/actualite-financiere-maroc (Caused by NameResolutionError("<urllib3.connection.HTTPSConnection object at 0x118ecfb90>: Failed to resolve 'fnh.ma' ([Errno 8] nodename nor servname provided, or not known)"))
2025-06-19 16:08:32 - scraper - ERROR - All retries failed for https://fnh.ma/articles/actualite-financiere-maroc
2025-06-19 16:08:32 - scraper - INFO - Found 0 potential articles from Finance News - Financial
2025-06-19 16:08:32 - scraper - INFO - Successfully parsed 0 valid articles from Finance News - Financial
2025-06-19 16:08:32 - scraper - INFO - Collecting news from Finance News - Economic...
2025-06-19 16:08:32 - scraper - WARNING - Attempt 1/4 failed for https://fnh.ma/articles/actualite-economique: HTTPSConnectionPool(host='fnh.ma', port=443): Max retries exceeded with url: /articles/actualite-economique (Caused by NameResolutionError("<urllib3.connection.HTTPSConnection object at 0x118eb2b50>: Failed to resolve 'fnh.ma' ([Errno 8] nodename nor servname provided, or not known)"))
2025-06-19 16:08:32 - scraper - INFO - Retrying in 27.58 seconds...
2025-06-19 16:08:59 - scraper - WARNING - Attempt 2/4 failed for https://fnh.ma/articles/actualite-economique: HTTPSConnectionPool(host='fnh.ma', port=443): Max retries exceeded with url: /articles/actualite-economique (Caused by NameResolutionError("<urllib3.connection.HTTPSConnection object at 0x118ed4d50>: Failed to resolve 'fnh.ma' ([Errno 8] nodename nor servname provided, or not known)"))
2025-06-19 16:08:59 - scraper - INFO - Retrying in 36.05 seconds...
2025-06-19 16:09:35 - scraper - WARNING - Attempt 3/4 failed for https://fnh.ma/articles/actualite-economique: HTTPSConnectionPool(host='fnh.ma', port=443): Max retries exceeded with url: /articles/actualite-economique (Caused by NameResolutionError("<urllib3.connection.HTTPSConnection object at 0x118eb1150>: Failed to resolve 'fnh.ma' ([Errno 8] nodename nor servname provided, or not known)"))
2025-06-19 16:09:35 - scraper - INFO - Retrying in 52.94 seconds...
2025-06-19 16:10:28 - scraper - WARNING - Attempt 4/4 failed for https://fnh.ma/articles/actualite-economique: HTTPSConnectionPool(host='fnh.ma', port=443): Max retries exceeded with url: /articles/actualite-economique (Caused by NameResolutionError("<urllib3.connection.HTTPSConnection object at 0x118eb3150>: Failed to resolve 'fnh.ma' ([Errno 8] nodename nor servname provided, or not known)"))
2025-06-19 16:10:28 - scraper - ERROR - All retries failed for https://fnh.ma/articles/actualite-economique
2025-06-19 16:10:28 - scraper - INFO - Found 0 potential articles from Finance News - Economic
2025-06-19 16:10:28 - scraper - INFO - Successfully parsed 0 valid articles from Finance News - Economic
2025-06-19 16:10:28 - scraper - WARNING - No articles were collected.
