2025-06-21 12:00:03 - scraper - INFO - Collecting news from Boursenews...
2025-06-21 12:00:04 - scraper - INFO - Found 20 potential articles from Boursenews
2025-06-21 12:00:18 - scraper - WARNING - Skipping https://boursenews.ma/article/marches/feuille-de-marche - Not a valid article
2025-06-21 12:00:22 - scraper - WARNING - Skipping https://boursenews.ma/articles/marches/5 - Not a valid article
2025-06-21 12:00:25 - scraper - WARNING - Skipping https://boursenews.ma/article/actualite/Protection-sociale-au-Maroc-nouveau-soutien-de-250-M%24-de-la-Banque-mondiale - Not a valid article
2025-06-21 12:00:37 - scraper - WARNING - Skipping https://boursenews.ma/articles/marches/2 - Not a valid article
2025-06-21 12:00:58 - scraper - WARNING - Skipping https://boursenews.ma/articles/marches/4 - Not a valid article
2025-06-21 12:01:09 - scraper - WARNING - Skipping https://boursenews.ma/article/marches/portefeuille-boursenews-investisseur - Not a valid article
2025-06-21 12:01:32 - scraper - WARNING - Skipping https://boursenews.ma/articles/marches/3 - Not a valid article
2025-06-21 12:01:37 - scraper - INFO - Successfully parsed 13 valid articles from Boursenews
2025-06-21 12:01:37 - scraper - INFO - Collecting news from FLM...
2025-06-21 12:01:38 - scraper - INFO - Found 98 potential articles on FLM
2025-06-21 12:01:38 - scraper - INFO - Found 20 potential articles from FLM
2025-06-21 12:02:02 - scraper - WARNING - Skipping https://flm.ma/news.php?id=54779 - Not a valid article
2025-06-21 12:02:10 - scraper - WARNING - Skipping https://flm.ma/article.php?id=12501 - Not a valid article
2025-06-21 12:02:19 - scraper - WARNING - Skipping https://flm.ma/article.php?id=12494 - Not a valid article
2025-06-21 12:02:28 - scraper - WARNING - Skipping https://flm.ma/article.php?id=12485 - Not a valid article
2025-06-21 12:02:35 - scraper - WARNING - Skipping https://flm.ma/article.php?id=12477 - Not a valid article
2025-06-21 12:02:35 - scraper - INFO - Successfully parsed 15 valid articles from FLM
2025-06-21 12:02:35 - scraper - INFO - Collecting news from Le Desk...
2025-06-21 12:02:36 - scraper - INFO - Found 7 potential articles from Le Desk
2025-06-21 12:02:51 - scraper - WARNING - Skipping https://ledesk.ma/2025/06/19/vicenne-obtient-le-visa-de-lammc-pour-son-introduction-en-bourse/ - Not a valid article
2025-06-21 12:02:53 - scraper - INFO - Successfully parsed 6 valid articles from Le Desk
2025-06-21 12:02:53 - scraper - INFO - Collecting news from H24Info...
2025-06-21 12:02:54 - scraper - INFO - Found 15 potential articles from H24Info
2025-06-21 12:02:58 - scraper - WARNING - Skipping https://h24info.ma/economie/we-finance-code-bam-la-berd-et-ifc-unis-pour-lentrepreneuriat-feminin-au-maroc/ - Not a valid article
2025-06-21 12:03:10 - scraper - WARNING - Skipping https://h24info.ma/economie/rabat-accueille-le-3e-forum-international-de-la-chimie-cap-sur-linnovation-et-la-souverainete-industrielle/ - Not a valid article
2025-06-21 12:03:30 - scraper - WARNING - Skipping http://h24info.ma/economie/?PageSpeed=noscript - Not a valid article
2025-06-21 12:03:35 - scraper - INFO - Successfully parsed 12 valid articles from H24Info
2025-06-21 12:03:35 - scraper - INFO - Collecting news from Le Matin...
2025-06-21 12:03:36 - scraper - INFO - Found 20 potential articles from Le Matin
2025-06-21 12:03:40 - scraper - WARNING - Skipping https://lematin.ma/economie/lancement-officiel-du-women-entrepreneurs-finance-code-au-maroc/286515 - Not a valid article
2025-06-21 12:03:44 - scraper - WARNING - Skipping https://lematin.ma/economie/le-maroc-bien-positionne-pour-capter-les-financements-de-la-bid/286723 - Not a valid article
2025-06-21 12:04:06 - scraper - WARNING - Skipping https://lematin.ma/economie/vicenne-vise-700-millions-de-dirhams-de-projets-apres-son-ipo-en-bourse/286506 - Not a valid article
2025-06-21 12:04:29 - scraper - INFO - Successfully parsed 17 valid articles from Le Matin
2025-06-21 12:04:29 - scraper - INFO - Collecting news from Medias24...
2025-06-21 12:04:30 - scraper - INFO - Found 13 potential articles from Medias24
2025-06-21 12:04:39 - scraper - WARNING - Skipping https://medias24.com/2025/06/19/vicenne-visa-ammc-introduction-en-bourse/ - Not a valid article
2025-06-21 12:04:43 - scraper - WARNING - Skipping https://medias24.com/2025/06/18/ventes-de-ciment-en-forte-reprise-grands-chantiers-sportifs-le-secteur-de-la-construction-retrouve-un-cycle-porteur-en-bourse/ - Not a valid article
2025-06-21 12:04:59 - scraper - WARNING - Skipping https://medias24.com/categorie/economie/ - Not a valid article
2025-06-21 12:05:03 - scraper - INFO - Successfully parsed 10 valid articles from Medias24
2025-06-21 12:05:03 - scraper - INFO - Collecting news from Finance News - Financial...
2025-06-21 12:05:04 - scraper - INFO - Found 10 potential articles from Finance News - Financial
2025-06-21 12:05:22 - scraper - WARNING - Skipping https://fnh.ma/article/actualite-financiere-maroc/saham-bank-societe-generale - Not a valid article
2025-06-21 12:05:26 - scraper - WARNING - Skipping https://fnh.ma/article/actualite-financiere-maroc/zoom-vicenne-bourse-de-casablanca - Not a valid article
2025-06-21 12:06:04 - scraper - WARNING - Skipping https://fnh.ma/article/actualite-financiere-maroc/bourse-casablanca-2025 - Not a valid article
2025-06-21 12:06:15 - scraper - WARNING - Skipping https://fnh.ma/article/actualite-financiere-maroc/mnes-cotees-bourse-casablanca - Not a valid article
2025-06-21 12:06:15 - scraper - INFO - Successfully parsed 6 valid articles from Finance News - Financial
2025-06-21 12:06:15 - scraper - INFO - Collecting news from Finance News - Economic...
2025-06-21 12:06:16 - scraper - INFO - Found 10 potential articles from Finance News - Economic
2025-06-21 12:07:20 - scraper - INFO - Successfully parsed 10 valid articles from Finance News - Economic
2025-06-21 12:07:20 - scraper - INFO - Added 6 new articles to /Users/mac/Desktop/Moroccan_Financial_News_Analysis_System/try4_cl/data/raw/moroccan_financial_news.csv
2025-06-21 16:00:03 - scraper - INFO - Collecting news from Boursenews...
2025-06-21 16:00:04 - scraper - INFO - Found 20 potential articles from Boursenews
2025-06-21 16:00:14 - scraper - WARNING - Skipping https://boursenews.ma/articles/marches/2 - Not a valid article
2025-06-21 16:00:16 - scraper - WARNING - Skipping https://boursenews.ma/article/marches/portefeuille-boursenews-investisseur - Not a valid article
2025-06-21 16:00:24 - scraper - WARNING - Skipping https://boursenews.ma/articles/marches/5 - Not a valid article
2025-06-21 16:00:34 - scraper - WARNING - Skipping https://boursenews.ma/article/marches/les-bourses-europeens-rebondissent-vendredi - Not a valid article
2025-06-21 16:01:08 - scraper - WARNING - Skipping https://boursenews.ma/article/actualite/Protection-sociale-au-Maroc-nouveau-soutien-de-250-M%24-de-la-Banque-mondiale - Not a valid article
2025-06-21 16:01:22 - scraper - WARNING - Skipping https://boursenews.ma/article/marches/feuille-de-marche - Not a valid article
2025-06-21 16:01:22 - scraper - INFO - Successfully parsed 14 valid articles from Boursenews
2025-06-21 16:01:22 - scraper - INFO - Collecting news from FLM...
2025-06-21 16:01:24 - scraper - INFO - Found 98 potential articles on FLM
2025-06-21 16:01:24 - scraper - INFO - Found 20 potential articles from FLM
2025-06-21 16:01:51 - scraper - WARNING - Skipping https://flm.ma/news.php?id=54779 - Not a valid article
2025-06-21 16:01:55 - scraper - WARNING - Skipping https://flm.ma/article.php?id=12501 - Not a valid article
2025-06-21 16:02:03 - scraper - WARNING - Skipping https://flm.ma/article.php?id=12494 - Not a valid article
2025-06-21 16:02:10 - scraper - WARNING - Skipping https://flm.ma/article.php?id=12485 - Not a valid article
2025-06-21 16:02:19 - scraper - WARNING - Skipping https://flm.ma/article.php?id=12477 - Not a valid article
2025-06-21 16:02:19 - scraper - INFO - Successfully parsed 15 valid articles from FLM
2025-06-21 16:02:19 - scraper - INFO - Collecting news from Le Desk...
2025-06-21 16:02:19 - scraper - INFO - Found 7 potential articles from Le Desk
2025-06-21 16:02:28 - scraper - WARNING - Skipping https://ledesk.ma/2025/06/19/vicenne-obtient-le-visa-de-lammc-pour-son-introduction-en-bourse/ - Not a valid article
2025-06-21 16:02:37 - scraper - INFO - Successfully parsed 6 valid articles from Le Desk
2025-06-21 16:02:37 - scraper - INFO - Collecting news from H24Info...
2025-06-21 16:02:37 - scraper - INFO - Found 15 potential articles from H24Info
2025-06-21 16:02:50 - scraper - WARNING - Skipping http://h24info.ma/economie/?PageSpeed=noscript - Not a valid article
2025-06-21 16:02:54 - scraper - WARNING - Skipping https://h24info.ma/economie/we-finance-code-bam-la-berd-et-ifc-unis-pour-lentrepreneuriat-feminin-au-maroc/ - Not a valid article
2025-06-21 16:03:13 - scraper - INFO - Successfully parsed 13 valid articles from H24Info
2025-06-21 16:03:13 - scraper - INFO - Collecting news from Le Matin...
2025-06-21 16:03:14 - scraper - INFO - Found 20 potential articles from Le Matin
2025-06-21 16:03:20 - scraper - WARNING - Skipping https://lematin.ma/economie/lancement-officiel-du-women-entrepreneurs-finance-code-au-maroc/286515 - Not a valid article
2025-06-21 16:03:53 - scraper - WARNING - Skipping https://lematin.ma/economie/le-maroc-bien-positionne-pour-capter-les-financements-de-la-bid/286723 - Not a valid article
2025-06-21 16:04:11 - scraper - WARNING - Skipping https://lematin.ma/economie/vicenne-vise-700-millions-de-dirhams-de-projets-apres-son-ipo-en-bourse/286506 - Not a valid article
2025-06-21 16:04:13 - scraper - INFO - Successfully parsed 17 valid articles from Le Matin
2025-06-21 16:04:13 - scraper - INFO - Collecting news from Medias24...
2025-06-21 16:04:13 - scraper - INFO - Found 13 potential articles from Medias24
2025-06-21 16:04:23 - scraper - WARNING - Skipping https://medias24.com/2025/06/18/ventes-de-ciment-en-forte-reprise-grands-chantiers-sportifs-le-secteur-de-la-construction-retrouve-un-cycle-porteur-en-bourse/ - Not a valid article
2025-06-21 16:04:33 - scraper - WARNING - Skipping https://medias24.com/2025/06/19/vicenne-visa-ammc-introduction-en-bourse/ - Not a valid article
2025-06-21 16:04:36 - scraper - WARNING - Skipping https://medias24.com/categorie/economie/ - Not a valid article
2025-06-21 16:04:46 - scraper - INFO - Successfully parsed 10 valid articles from Medias24
2025-06-21 16:04:46 - scraper - INFO - Collecting news from Finance News - Financial...
2025-06-21 16:04:47 - scraper - INFO - Found 10 potential articles from Finance News - Financial
2025-06-21 16:04:56 - scraper - WARNING - Skipping https://fnh.ma/article/actualite-financiere-maroc/mnes-cotees-bourse-casablanca - Not a valid article
2025-06-21 16:05:04 - scraper - WARNING - Skipping https://fnh.ma/article/actualite-financiere-maroc/bourse-casablanca-2025 - Not a valid article
2025-06-21 16:05:20 - scraper - WARNING - Skipping https://fnh.ma/article/actualite-financiere-maroc/saham-bank-societe-generale - Not a valid article
2025-06-21 16:05:29 - scraper - WARNING - Skipping https://fnh.ma/article/actualite-financiere-maroc/zoom-vicenne-bourse-de-casablanca - Not a valid article
2025-06-21 16:05:32 - scraper - INFO - Successfully parsed 6 valid articles from Finance News - Financial
2025-06-21 16:05:32 - scraper - INFO - Collecting news from Finance News - Economic...
2025-06-21 16:05:33 - scraper - INFO - Found 10 potential articles from Finance News - Economic
2025-06-21 16:06:28 - scraper - INFO - Successfully parsed 10 valid articles from Finance News - Economic
2025-06-21 16:06:28 - scraper - INFO - Added 5 new articles to /Users/mac/Desktop/Moroccan_Financial_News_Analysis_System/try4_cl/data/raw/moroccan_financial_news.csv
2025-06-21 20:00:03 - scraper - INFO - Collecting news from Boursenews...
2025-06-21 20:00:04 - scraper - INFO - Found 20 potential articles from Boursenews
2025-06-21 20:00:26 - scraper - WARNING - Skipping https://boursenews.ma/article/actualite/Protection-sociale-au-Maroc-nouveau-soutien-de-250-M%24-de-la-Banque-mondiale - Not a valid article
2025-06-21 20:00:30 - scraper - WARNING - Skipping https://boursenews.ma/article/marches/feuille-de-marche - Not a valid article
2025-06-21 20:01:03 - scraper - WARNING - Skipping https://boursenews.ma/articles/marches/4 - Not a valid article
2025-06-21 20:01:06 - scraper - WARNING - Skipping https://boursenews.ma/articles/marches/5 - Not a valid article
2025-06-21 20:01:12 - scraper - WARNING - Skipping https://boursenews.ma/article/marches/les-bourses-europeens-rebondissent-vendredi - Not a valid article
2025-06-21 20:02:12 - scraper - INFO - Successfully parsed 15 valid articles from Boursenews
2025-06-21 20:02:12 - scraper - INFO - Collecting news from FLM...
2025-06-21 20:02:13 - scraper - INFO - Found 98 potential articles on FLM
2025-06-21 20:02:13 - scraper - INFO - Found 20 potential articles from FLM
2025-06-21 20:02:44 - scraper - WARNING - Skipping https://flm.ma/news.php?id=54779 - Not a valid article
2025-06-21 20:02:48 - scraper - WARNING - Skipping https://flm.ma/article.php?id=12501 - Not a valid article
2025-06-21 20:02:57 - scraper - WARNING - Skipping https://flm.ma/article.php?id=12494 - Not a valid article
2025-06-21 20:03:05 - scraper - WARNING - Skipping https://flm.ma/article.php?id=12485 - Not a valid article
2025-06-21 20:03:15 - scraper - WARNING - Skipping https://flm.ma/article.php?id=12477 - Not a valid article
2025-06-21 20:03:15 - scraper - INFO - Successfully parsed 15 valid articles from FLM
2025-06-21 20:03:15 - scraper - INFO - Collecting news from Le Desk...
2025-06-21 20:03:15 - scraper - INFO - Found 6 potential articles from Le Desk
2025-06-21 20:03:30 - scraper - WARNING - Skipping https://ledesk.ma/2025/06/19/vicenne-obtient-le-visa-de-lammc-pour-son-introduction-en-bourse/ - Not a valid article
2025-06-21 20:03:30 - scraper - INFO - Successfully parsed 5 valid articles from Le Desk
2025-06-21 20:03:30 - scraper - INFO - Collecting news from H24Info...
2025-06-21 20:03:31 - scraper - INFO - Found 15 potential articles from H24Info
2025-06-21 20:03:47 - scraper - WARNING - Skipping https://h24info.ma/economie/we-finance-code-bam-la-berd-et-ifc-unis-pour-lentrepreneuriat-feminin-au-maroc/ - Not a valid article
2025-06-21 20:03:55 - scraper - WARNING - Skipping http://h24info.ma/economie/?PageSpeed=noscript - Not a valid article
2025-06-21 20:04:09 - scraper - INFO - Successfully parsed 13 valid articles from H24Info
2025-06-21 20:04:09 - scraper - INFO - Collecting news from Le Matin...
2025-06-21 20:04:10 - scraper - INFO - Found 20 potential articles from Le Matin
2025-06-21 20:04:15 - scraper - WARNING - Skipping https://lematin.ma/economie/lancement-officiel-du-women-entrepreneurs-finance-code-au-maroc/286515 - Not a valid article
2025-06-21 20:04:43 - scraper - WARNING - Skipping https://lematin.ma/economie/le-maroc-bien-positionne-pour-capter-les-financements-de-la-bid/286723 - Not a valid article
2025-06-21 20:04:46 - scraper - WARNING - Skipping https://lematin.ma/economie/vicenne-vise-700-millions-de-dirhams-de-projets-apres-son-ipo-en-bourse/286506 - Not a valid article
2025-06-21 20:05:05 - scraper - INFO - Successfully parsed 17 valid articles from Le Matin
2025-06-21 20:05:05 - scraper - INFO - Collecting news from Medias24...
2025-06-21 20:05:05 - scraper - INFO - Found 13 potential articles from Medias24
2025-06-21 20:05:12 - scraper - WARNING - Skipping https://medias24.com/2025/06/18/ventes-de-ciment-en-forte-reprise-grands-chantiers-sportifs-le-secteur-de-la-construction-retrouve-un-cycle-porteur-en-bourse/ - Not a valid article
2025-06-21 20:05:16 - scraper - WARNING - Skipping https://medias24.com/categorie/economie/ - Not a valid article
2025-06-21 20:05:20 - scraper - WARNING - Skipping https://medias24.com/2025/06/19/vicenne-visa-ammc-introduction-en-bourse/ - Not a valid article
2025-06-21 20:05:40 - scraper - INFO - Successfully parsed 10 valid articles from Medias24
2025-06-21 20:05:40 - scraper - INFO - Collecting news from Finance News - Financial...
2025-06-21 20:05:41 - scraper - INFO - Found 10 potential articles from Finance News - Financial
2025-06-21 20:05:51 - scraper - WARNING - Skipping https://fnh.ma/article/actualite-financiere-maroc/saham-bank-societe-generale - Not a valid article
2025-06-21 20:05:56 - scraper - WARNING - Skipping https://fnh.ma/article/actualite-financiere-maroc/mnes-cotees-bourse-casablanca - Not a valid article
2025-06-21 20:06:12 - scraper - WARNING - Skipping https://fnh.ma/article/actualite-financiere-maroc/zoom-vicenne-bourse-de-casablanca - Not a valid article
2025-06-21 20:06:16 - scraper - WARNING - Skipping https://fnh.ma/article/actualite-financiere-maroc/bourse-casablanca-2025 - Not a valid article
2025-06-21 20:06:45 - scraper - INFO - Successfully parsed 6 valid articles from Finance News - Financial
2025-06-21 20:06:45 - scraper - INFO - Collecting news from Finance News - Economic...
2025-06-21 20:06:45 - scraper - INFO - Found 10 potential articles from Finance News - Economic
2025-06-21 20:07:48 - scraper - INFO - Successfully parsed 10 valid articles from Finance News - Economic
2025-06-21 20:07:48 - scraper - INFO - Added 3 new articles to /Users/mac/Desktop/Moroccan_Financial_News_Analysis_System/try4_cl/data/raw/moroccan_financial_news.csv
