2025-06-18 20:00:08 - scraper - INFO - Collecting news from Boursenews...
2025-06-18 20:00:09 - scraper - INFO - Found 20 potential articles from Boursenews
2025-06-18 20:00:16 - scraper - WARNING - Skipping https://boursenews.ma/articles/marches/4 - Not a valid article
2025-06-18 20:00:23 - scraper - WARNING - Skipping https://boursenews.ma/article/marches/portefeuille-boursenews-investisseur - Not a valid article
2025-06-18 20:00:50 - scraper - WARNING - Skipping https://boursenews.ma/article/marches/feuille-de-marche - Not a valid article
2025-06-18 20:00:54 - scraper - WARNING - Skipping https://boursenews.ma/articles/marches/3 - Not a valid article
2025-06-18 20:01:10 - scraper - WARNING - Skipping https://boursenews.ma/articles/marches/1620 - Not a valid article
2025-06-18 20:01:22 - scraper - WARNING - Skipping https://boursenews.ma/articles/marches/2 - Not a valid article
2025-06-18 20:01:28 - scraper - INFO - Successfully parsed 14 valid articles from Boursenews
2025-06-18 20:01:28 - scraper - INFO - Collecting news from FLM...
2025-06-18 20:01:29 - scraper - INFO - Found 98 potential articles on FLM
2025-06-18 20:01:29 - scraper - INFO - Found 20 potential articles from FLM
2025-06-18 20:01:46 - scraper - WARNING - Skipping https://flm.ma/news.php?id=54758 - Not a valid article
2025-06-18 20:02:09 - scraper - WARNING - Skipping https://flm.ma/article.php?id=12494 - Not a valid article
2025-06-18 20:02:22 - scraper - WARNING - Skipping https://flm.ma/article.php?id=12485 - Not a valid article
2025-06-18 20:02:29 - scraper - WARNING - Skipping https://flm.ma/article.php?id=12477 - Not a valid article
2025-06-18 20:02:35 - scraper - WARNING - Skipping https://flm.ma/article.php?id=12475 - Not a valid article
2025-06-18 20:02:35 - scraper - INFO - Successfully parsed 15 valid articles from FLM
2025-06-18 20:02:35 - scraper - INFO - Collecting news from Le Desk...
2025-06-18 20:02:35 - scraper - INFO - Found 6 potential articles from Le Desk
2025-06-18 20:02:42 - scraper - WARNING - Skipping https://ledesk.ma/2025/06/18/casablanca-accueille-le-10eme-centre-de-recherche-doracle-dans-le-monde/ - Not a valid article
2025-06-18 20:02:51 - scraper - INFO - Successfully parsed 5 valid articles from Le Desk
2025-06-18 20:02:51 - scraper - INFO - Collecting news from H24Info...
2025-06-18 20:02:53 - scraper - INFO - Found 16 potential articles from H24Info
2025-06-18 20:03:01 - scraper - WARNING - Skipping https://h24info.ma/economie/infrastructures-culture-transport-casablanca-settat-devoile-ses-grands-projets-video/ - Not a valid article
2025-06-18 20:03:04 - scraper - WARNING - Skipping https://h24info.ma/economie/officiel-societe-generale-maroc-change-de-nom-et-devient-saham-bank/ - Not a valid article
2025-06-18 20:03:39 - scraper - WARNING - Skipping http://h24info.ma/economie/?PageSpeed=noscript - Not a valid article
2025-06-18 20:03:39 - scraper - INFO - Successfully parsed 13 valid articles from H24Info
2025-06-18 20:03:39 - scraper - INFO - Collecting news from Le Matin...
2025-06-18 20:03:40 - scraper - INFO - Found 20 potential articles from Le Matin
2025-06-18 20:03:50 - scraper - WARNING - Skipping https://lematin.ma/economie/pluies-hors-saison-les-cereales-et-dautres-cultures-a-rude-epreuve/286268 - Not a valid article
2025-06-18 20:04:23 - scraper - WARNING - Skipping https://lematin.ma/economie/pas-de-panique-a-la-bourse-de-casablanca-malgre-les-tensions-mondiales/286241 - Not a valid article
2025-06-18 20:04:37 - scraper - INFO - Successfully parsed 18 valid articles from Le Matin
2025-06-18 20:04:37 - scraper - INFO - Collecting news from Medias24...
2025-06-18 20:04:39 - scraper - INFO - Found 11 potential articles from Medias24
2025-06-18 20:04:43 - scraper - WARNING - Skipping https://medias24.com/2025/06/18/ventes-de-ciment-en-forte-reprise-grands-chantiers-sportifs-le-secteur-de-la-construction-retrouve-un-cycle-porteur-en-bourse/ - Not a valid article
2025-06-18 20:04:50 - scraper - WARNING - Skipping https://medias24.com/categorie/economie/ - Not a valid article
2025-06-18 20:05:07 - scraper - WARNING - Skipping https://medias24.com/2025/06/11/per-banques-valorisation-2025/ - Not a valid article
2025-06-18 20:05:12 - scraper - INFO - Successfully parsed 8 valid articles from Medias24
2025-06-18 20:05:12 - scraper - INFO - Collecting news from Finance News - Financial...
2025-06-18 20:05:13 - scraper - INFO - Found 10 potential articles from Finance News - Financial
2025-06-18 20:05:21 - scraper - WARNING - Skipping https://fnh.ma/article/actualite-financiere-maroc/saham-bank-societe-generale - Not a valid article
2025-06-18 20:06:03 - scraper - WARNING - Skipping https://fnh.ma/article/actualite-financiere-maroc/societes-cotees-banques-btp- - Not a valid article
2025-06-18 20:06:31 - scraper - INFO - Successfully parsed 8 valid articles from Finance News - Financial
2025-06-18 20:06:31 - scraper - INFO - Collecting news from Finance News - Economic...
2025-06-18 20:06:32 - scraper - INFO - Found 10 potential articles from Finance News - Economic
2025-06-18 20:07:36 - scraper - INFO - Successfully parsed 10 valid articles from Finance News - Economic
2025-06-18 20:07:36 - scraper - INFO - Added 10 new articles to /Users/mac/Desktop/Moroccan_Financial_News_Analysis_System/try4_cl/data/raw/moroccan_financial_news.csv
