2025-06-18 20:00:08 - scraper - INFO - Collecting news from Boursenews...
2025-06-18 20:00:09 - scraper - INFO - Found 20 potential articles from Boursenews
2025-06-18 20:00:16 - scraper - WARNING - Skipping https://boursenews.ma/articles/marches/4 - Not a valid article
2025-06-18 20:00:23 - scraper - WARNING - Skipping https://boursenews.ma/article/marches/portefeuille-boursenews-investisseur - Not a valid article
2025-06-18 20:00:50 - scraper - WARNING - Skipping https://boursenews.ma/article/marches/feuille-de-marche - Not a valid article
2025-06-18 20:00:54 - scraper - WARNING - Skipping https://boursenews.ma/articles/marches/3 - Not a valid article
2025-06-18 20:01:10 - scraper - WARNING - Skipping https://boursenews.ma/articles/marches/1620 - Not a valid article
2025-06-18 20:01:22 - scraper - WARNING - Skipping https://boursenews.ma/articles/marches/2 - Not a valid article
2025-06-18 20:01:28 - scraper - INFO - Successfully parsed 14 valid articles from Boursenews
2025-06-18 20:01:28 - scraper - INFO - Collecting news from FLM...
2025-06-18 20:01:29 - scraper - INFO - Found 98 potential articles on FLM
2025-06-18 20:01:29 - scraper - INFO - Found 20 potential articles from FLM
2025-06-18 20:01:46 - scraper - WARNING - Skipping https://flm.ma/news.php?id=54758 - Not a valid article
2025-06-18 20:02:09 - scraper - WARNING - Skipping https://flm.ma/article.php?id=12494 - Not a valid article
2025-06-18 20:02:22 - scraper - WARNING - Skipping https://flm.ma/article.php?id=12485 - Not a valid article
2025-06-18 20:02:29 - scraper - WARNING - Skipping https://flm.ma/article.php?id=12477 - Not a valid article
2025-06-18 20:02:35 - scraper - WARNING - Skipping https://flm.ma/article.php?id=12475 - Not a valid article
2025-06-18 20:02:35 - scraper - INFO - Successfully parsed 15 valid articles from FLM
2025-06-18 20:02:35 - scraper - INFO - Collecting news from Le Desk...
2025-06-18 20:02:35 - scraper - INFO - Found 6 potential articles from Le Desk
2025-06-18 20:02:42 - scraper - WARNING - Skipping https://ledesk.ma/2025/06/18/casablanca-accueille-le-10eme-centre-de-recherche-doracle-dans-le-monde/ - Not a valid article
2025-06-18 20:02:51 - scraper - INFO - Successfully parsed 5 valid articles from Le Desk
2025-06-18 20:02:51 - scraper - INFO - Collecting news from H24Info...
2025-06-18 20:02:53 - scraper - INFO - Found 16 potential articles from H24Info
2025-06-18 20:03:01 - scraper - WARNING - Skipping https://h24info.ma/economie/infrastructures-culture-transport-casablanca-settat-devoile-ses-grands-projets-video/ - Not a valid article
2025-06-18 20:03:04 - scraper - WARNING - Skipping https://h24info.ma/economie/officiel-societe-generale-maroc-change-de-nom-et-devient-saham-bank/ - Not a valid article
2025-06-18 20:03:39 - scraper - WARNING - Skipping http://h24info.ma/economie/?PageSpeed=noscript - Not a valid article
2025-06-18 20:03:39 - scraper - INFO - Successfully parsed 13 valid articles from H24Info
2025-06-18 20:03:39 - scraper - INFO - Collecting news from Le Matin...
2025-06-18 20:03:40 - scraper - INFO - Found 20 potential articles from Le Matin
2025-06-18 20:03:50 - scraper - WARNING - Skipping https://lematin.ma/economie/pluies-hors-saison-les-cereales-et-dautres-cultures-a-rude-epreuve/286268 - Not a valid article
2025-06-18 20:04:23 - scraper - WARNING - Skipping https://lematin.ma/economie/pas-de-panique-a-la-bourse-de-casablanca-malgre-les-tensions-mondiales/286241 - Not a valid article
2025-06-18 20:04:37 - scraper - INFO - Successfully parsed 18 valid articles from Le Matin
2025-06-18 20:04:37 - scraper - INFO - Collecting news from Medias24...
2025-06-18 20:04:39 - scraper - INFO - Found 11 potential articles from Medias24
2025-06-18 20:04:43 - scraper - WARNING - Skipping https://medias24.com/2025/06/18/ventes-de-ciment-en-forte-reprise-grands-chantiers-sportifs-le-secteur-de-la-construction-retrouve-un-cycle-porteur-en-bourse/ - Not a valid article
2025-06-18 20:04:50 - scraper - WARNING - Skipping https://medias24.com/categorie/economie/ - Not a valid article
2025-06-18 20:05:07 - scraper - WARNING - Skipping https://medias24.com/2025/06/11/per-banques-valorisation-2025/ - Not a valid article
2025-06-18 20:05:12 - scraper - INFO - Successfully parsed 8 valid articles from Medias24
2025-06-18 20:05:12 - scraper - INFO - Collecting news from Finance News - Financial...
2025-06-18 20:05:13 - scraper - INFO - Found 10 potential articles from Finance News - Financial
2025-06-18 20:05:21 - scraper - WARNING - Skipping https://fnh.ma/article/actualite-financiere-maroc/saham-bank-societe-generale - Not a valid article
2025-06-18 20:06:03 - scraper - WARNING - Skipping https://fnh.ma/article/actualite-financiere-maroc/societes-cotees-banques-btp- - Not a valid article
2025-06-18 20:06:31 - scraper - INFO - Successfully parsed 8 valid articles from Finance News - Financial
2025-06-18 20:06:31 - scraper - INFO - Collecting news from Finance News - Economic...
2025-06-18 20:06:32 - scraper - INFO - Found 10 potential articles from Finance News - Economic
2025-06-18 20:07:36 - scraper - INFO - Successfully parsed 10 valid articles from Finance News - Economic
2025-06-18 20:07:36 - scraper - INFO - Added 10 new articles to /Users/mac/Desktop/Moroccan_Financial_News_Analysis_System/try4_cl/data/raw/moroccan_financial_news.csv
2025-06-19 12:00:05 - scraper - INFO - Collecting news from Boursenews...
2025-06-19 12:00:12 - scraper - INFO - Found 20 potential articles from Boursenews
2025-06-19 12:01:00 - scraper - ERROR - Error parsing article https://boursenews.ma/article/actualite/petrole-frappes-israel-iran: Article `download()` failed with HTTPSConnectionPool(host='boursenews.ma', port=443): Max retries exceeded with url: /article/actualite/petrole-frappes-israel-iran (Caused by NameResolutionError("<urllib3.connection.HTTPSConnection object at 0x134a69b50>: Failed to resolve 'boursenews.ma' ([Errno 8] nodename nor servname provided, or not known)")) on URL https://boursenews.ma/article/actualite/petrole-frappes-israel-iran
2025-06-19 12:01:03 - scraper - ERROR - Error parsing article https://boursenews.ma/article/actualite/Le-Roadshow-Regional-annuel-de-TAMWILCOM-poursuit-sa-tournee-a-Laayoune: Article `download()` failed with HTTPSConnectionPool(host='boursenews.ma', port=443): Max retries exceeded with url: /article/actualite/Le-Roadshow-Regional-annuel-de-TAMWILCOM-poursuit-sa-tournee-a-Laayoune (Caused by NameResolutionError("<urllib3.connection.HTTPSConnection object at 0x134a69850>: Failed to resolve 'boursenews.ma' ([Errno 8] nodename nor servname provided, or not known)")) on URL https://boursenews.ma/article/actualite/Le-Roadshow-Regional-annuel-de-TAMWILCOM-poursuit-sa-tournee-a-Laayoune
2025-06-19 12:01:12 - scraper - WARNING - Skipping https://boursenews.ma/article/marches/Societe-Generale-devient-Saham-Bank - Not a valid article
2025-06-19 12:01:37 - scraper - WARNING - Skipping https://boursenews.ma/articles/marches/4 - Not a valid article
2025-06-19 12:01:43 - scraper - WARNING - Skipping https://boursenews.ma/article/marches/portefeuille-boursenews-investisseur - Not a valid article
2025-06-19 12:03:08 - scraper - WARNING - Skipping https://boursenews.ma/articles/marches/5 - Not a valid article
2025-06-19 12:03:26 - scraper - WARNING - Skipping https://boursenews.ma/article/marches/feuille-de-marche - Not a valid article
2025-06-19 12:03:47 - scraper - WARNING - Skipping https://boursenews.ma/articles/marches/2 - Not a valid article
2025-06-19 12:18:56 - scraper - INFO - Successfully parsed 12 valid articles from Boursenews
2025-06-19 12:18:56 - scraper - INFO - Collecting news from FLM...
2025-06-19 12:18:57 - scraper - INFO - Found 98 potential articles on FLM
2025-06-19 12:18:57 - scraper - INFO - Found 20 potential articles from FLM
2025-06-19 12:19:03 - scraper - WARNING - Skipping https://flm.ma/news.php?id=54771 - Not a valid article
2025-06-19 12:34:35 - scraper - WARNING - Skipping https://flm.ma/article.php?id=12494 - Not a valid article
2025-06-19 12:34:46 - scraper - WARNING - Skipping https://flm.ma/article.php?id=12485 - Not a valid article
2025-06-19 12:34:51 - scraper - WARNING - Skipping https://flm.ma/article.php?id=12477 - Not a valid article
2025-06-19 12:34:58 - scraper - WARNING - Skipping https://flm.ma/article.php?id=12475 - Not a valid article
2025-06-19 12:34:58 - scraper - INFO - Successfully parsed 15 valid articles from FLM
2025-06-19 12:34:58 - scraper - INFO - Collecting news from Le Desk...
2025-06-19 12:34:58 - scraper - INFO - Found 3 potential articles from Le Desk
2025-06-19 12:35:05 - scraper - WARNING - Skipping https://ledesk.ma/2025/06/18/casablanca-accueille-le-10eme-centre-de-recherche-doracle-dans-le-monde/ - Not a valid article
2025-06-19 12:35:05 - scraper - INFO - Successfully parsed 2 valid articles from Le Desk
2025-06-19 12:35:05 - scraper - INFO - Collecting news from H24Info...
2025-06-19 12:35:09 - scraper - INFO - Found 15 potential articles from H24Info
2025-06-19 12:50:34 - scraper - ERROR - Error parsing article https://h24info.ma/economie/bien-etre-au-travail-un-defi/: Article `download()` failed with HTTPSConnectionPool(host='h24info.ma', port=443): Read timed out. (read timeout=20) on URL https://h24info.ma/economie/bien-etre-au-travail-un-defi/
2025-06-19 12:50:40 - scraper - ERROR - Error parsing article https://h24info.ma/economie/travail-enfants-62-000-activites-dangereuses/: Article `download()` failed with HTTPSConnectionPool(host='h24info.ma', port=443): Max retries exceeded with url: /economie/travail-enfants-62-000-activites-dangereuses/ (Caused by NameResolutionError("<urllib3.connection.HTTPSConnection object at 0x134ce1f50>: Failed to resolve 'h24info.ma' ([Errno 8] nodename nor servname provided, or not known)")) on URL https://h24info.ma/economie/travail-enfants-62-000-activites-dangereuses/
2025-06-19 12:50:47 - scraper - WARNING - Skipping https://h24info.ma/economie/infrastructures-culture-transport-casablanca-settat-devoile-ses-grands-projets-video/ - Not a valid article
2025-06-19 12:50:57 - scraper - WARNING - Skipping https://h24info.ma/economie/officiel-societe-generale-maroc-change-de-nom-et-devient-saham-bank/ - Not a valid article
2025-06-19 13:06:11 - scraper - WARNING - Skipping http://h24info.ma/economie/?PageSpeed=noscript - Not a valid article
2025-06-19 13:06:32 - scraper - INFO - Successfully parsed 10 valid articles from H24Info
2025-06-19 13:06:32 - scraper - INFO - Collecting news from Le Matin...
2025-06-19 13:06:33 - scraper - INFO - Found 20 potential articles from Le Matin
2025-06-19 13:06:47 - scraper - WARNING - Skipping https://lematin.ma/economie/pas-de-panique-a-la-bourse-de-casablanca-malgre-les-tensions-mondiales/286241 - Not a valid article
2025-06-19 13:21:53 - scraper - WARNING - Skipping https://lematin.ma/economie/pluies-hors-saison-les-cereales-et-dautres-cultures-a-rude-epreuve/286268 - Not a valid article
2025-06-19 13:22:06 - scraper - WARNING - Skipping https://lematin.ma/economie/vicenne-prepare-son-entree-a-la-bourse-de-casablanca/286317 - Not a valid article
2025-06-19 13:22:27 - scraper - INFO - Successfully parsed 17 valid articles from Le Matin
2025-06-19 13:22:27 - scraper - INFO - Collecting news from Medias24...
2025-06-19 13:22:28 - scraper - INFO - Found 12 potential articles from Medias24
2025-06-19 13:22:45 - scraper - WARNING - Skipping https://medias24.com/2025/06/19/vicenne-visa-ammc-introduction-en-bourse/ - Not a valid article
2025-06-19 13:22:47 - scraper - WARNING - Skipping https://medias24.com/2025/06/18/ventes-de-ciment-en-forte-reprise-grands-chantiers-sportifs-le-secteur-de-la-construction-retrouve-un-cycle-porteur-en-bourse/ - Not a valid article
2025-06-19 13:22:52 - scraper - WARNING - Skipping https://medias24.com/2025/06/11/per-banques-valorisation-2025/ - Not a valid article
2025-06-19 13:22:54 - scraper - WARNING - Skipping https://medias24.com/categorie/economie/ - Not a valid article
2025-06-19 13:22:56 - scraper - INFO - Successfully parsed 8 valid articles from Medias24
2025-06-19 13:22:56 - scraper - INFO - Collecting news from Finance News - Financial...
2025-06-19 13:22:57 - scraper - INFO - Found 10 potential articles from Finance News - Financial
2025-06-19 13:38:12 - scraper - WARNING - Skipping https://fnh.ma/article/actualite-financiere-maroc/saham-bank-societe-generale - Not a valid article
2025-06-19 13:38:29 - scraper - WARNING - Skipping https://fnh.ma/article/actualite-financiere-maroc/zoom-vicenne-bourse-de-casablanca - Not a valid article
2025-06-19 13:38:48 - scraper - INFO - Successfully parsed 8 valid articles from Finance News - Financial
2025-06-19 13:38:48 - scraper - INFO - Collecting news from Finance News - Economic...
2025-06-19 13:38:49 - scraper - INFO - Found 10 potential articles from Finance News - Economic
2025-06-19 13:43:20 - scraper - ERROR - Error parsing article https://fnh.ma/article/actualite-economique/Pr%C3%A9visions%20%C3%A9conomiques%20:%20la%20Banque%20mondiale%20ajuste%20%C3%A0%20la%20baisse%20ses%20projections%20pour%20le%20Maroc: Article `download()` failed with HTTPSConnectionPool(host='fnh.ma', port=443): Read timed out. (read timeout=20) on URL https://fnh.ma/article/actualite-economique/Pr%C3%A9visions%20%C3%A9conomiques%20:%20la%20Banque%20mondiale%20ajuste%20%C3%A0%20la%20baisse%20ses%20projections%20pour%20le%20Maroc
2025-06-19 13:48:33 - scraper - INFO - Successfully parsed 9 valid articles from Finance News - Economic
2025-06-19 13:48:33 - scraper - INFO - Added 23 new articles to /Users/mac/Desktop/Moroccan_Financial_News_Analysis_System/try4_cl/data/raw/moroccan_financial_news.csv
2025-06-19 16:00:03 - scraper - INFO - Collecting news from Boursenews...
2025-06-19 16:00:03 - scraper - WARNING - Attempt 1/3 failed for https://boursenews.ma/articles/marches: HTTPSConnectionPool(host='boursenews.ma', port=443): Max retries exceeded with url: /articles/marches (Caused by NameResolutionError("<urllib3.connection.HTTPSConnection object at 0x118eaab50>: Failed to resolve 'boursenews.ma' ([Errno 8] nodename nor servname provided, or not known)"))
2025-06-19 16:00:03 - scraper - INFO - Retrying in 27.99 seconds...
2025-06-19 16:00:31 - scraper - WARNING - Attempt 2/3 failed for https://boursenews.ma/articles/marches: HTTPSConnectionPool(host='boursenews.ma', port=443): Max retries exceeded with url: /articles/marches (Caused by NameResolutionError("<urllib3.connection.HTTPSConnection object at 0x118eb0710>: Failed to resolve 'boursenews.ma' ([Errno 8] nodename nor servname provided, or not known)"))
2025-06-19 16:00:31 - scraper - INFO - Retrying in 44.60 seconds...
2025-06-19 16:01:15 - scraper - WARNING - Attempt 3/3 failed for https://boursenews.ma/articles/marches: HTTPSConnectionPool(host='boursenews.ma', port=443): Max retries exceeded with url: /articles/marches (Caused by NameResolutionError("<urllib3.connection.HTTPSConnection object at 0x118eb2810>: Failed to resolve 'boursenews.ma' ([Errno 8] nodename nor servname provided, or not known)"))
2025-06-19 16:01:15 - scraper - ERROR - All retries failed for https://boursenews.ma/articles/marches
2025-06-19 16:01:15 - scraper - INFO - Found 0 potential articles from Boursenews
2025-06-19 16:01:15 - scraper - INFO - Successfully parsed 0 valid articles from Boursenews
2025-06-19 16:01:15 - scraper - INFO - Collecting news from FLM...
2025-06-19 16:01:15 - scraper - WARNING - Attempt 1/3 failed for https://flm.ma/economie.php: HTTPSConnectionPool(host='flm.ma', port=443): Max retries exceeded with url: /economie.php (Caused by NameResolutionError("<urllib3.connection.HTTPSConnection object at 0x118ebccd0>: Failed to resolve 'flm.ma' ([Errno 8] nodename nor servname provided, or not known)"))
2025-06-19 16:01:15 - scraper - INFO - Retrying in 22.97 seconds...
2025-06-19 16:01:38 - scraper - WARNING - Attempt 2/3 failed for https://flm.ma/economie.php: HTTPSConnectionPool(host='flm.ma', port=443): Max retries exceeded with url: /economie.php (Caused by NameResolutionError("<urllib3.connection.HTTPSConnection object at 0x118ebee10>: Failed to resolve 'flm.ma' ([Errno 8] nodename nor servname provided, or not known)"))
2025-06-19 16:01:38 - scraper - INFO - Retrying in 40.75 seconds...
2025-06-19 16:02:19 - scraper - WARNING - Attempt 3/3 failed for https://flm.ma/economie.php: HTTPSConnectionPool(host='flm.ma', port=443): Max retries exceeded with url: /economie.php (Caused by NameResolutionError("<urllib3.connection.HTTPSConnection object at 0x118ebe9d0>: Failed to resolve 'flm.ma' ([Errno 8] nodename nor servname provided, or not known)"))
2025-06-19 16:02:19 - scraper - ERROR - All retries failed for https://flm.ma/economie.php
2025-06-19 16:02:19 - scraper - INFO - Found 0 potential articles from FLM
2025-06-19 16:02:19 - scraper - INFO - Successfully parsed 0 valid articles from FLM
2025-06-19 16:02:19 - scraper - INFO - Collecting news from Le Desk...
2025-06-19 16:02:19 - scraper - WARNING - Attempt 1/3 failed for https://ledesk.ma/encontinu/: HTTPSConnectionPool(host='ledesk.ma', port=443): Max retries exceeded with url: /encontinu/ (Caused by NameResolutionError("<urllib3.connection.HTTPSConnection object at 0x118ebcad0>: Failed to resolve 'ledesk.ma' ([Errno 8] nodename nor servname provided, or not known)"))
2025-06-19 16:02:19 - scraper - INFO - Retrying in 27.24 seconds...
2025-06-19 16:02:47 - scraper - WARNING - Attempt 2/3 failed for https://ledesk.ma/encontinu/: HTTPSConnectionPool(host='ledesk.ma', port=443): Max retries exceeded with url: /encontinu/ (Caused by NameResolutionError("<urllib3.connection.HTTPSConnection object at 0x118eb3050>: Failed to resolve 'ledesk.ma' ([Errno 8] nodename nor servname provided, or not known)"))
2025-06-19 16:02:47 - scraper - INFO - Retrying in 36.84 seconds...
2025-06-19 16:03:23 - scraper - WARNING - Attempt 3/3 failed for https://ledesk.ma/encontinu/: HTTPSConnectionPool(host='ledesk.ma', port=443): Max retries exceeded with url: /encontinu/ (Caused by NameResolutionError("<urllib3.connection.HTTPSConnection object at 0x118eb0650>: Failed to resolve 'ledesk.ma' ([Errno 8] nodename nor servname provided, or not known)"))
2025-06-19 16:03:23 - scraper - ERROR - All retries failed for https://ledesk.ma/encontinu/
2025-06-19 16:03:23 - scraper - INFO - Found 0 potential articles from Le Desk
2025-06-19 16:03:23 - scraper - INFO - Successfully parsed 0 valid articles from Le Desk
2025-06-19 16:03:23 - scraper - INFO - Collecting news from H24Info...
2025-06-19 16:03:23 - scraper - WARNING - Attempt 1/3 failed for https://www.h24info.ma/economie/: HTTPSConnectionPool(host='www.h24info.ma', port=443): Max retries exceeded with url: /economie/ (Caused by NameResolutionError("<urllib3.connection.HTTPSConnection object at 0x118ecd810>: Failed to resolve 'www.h24info.ma' ([Errno 8] nodename nor servname provided, or not known)"))
2025-06-19 16:03:23 - scraper - INFO - Retrying in 26.44 seconds...
2025-06-19 16:03:50 - scraper - WARNING - Attempt 2/3 failed for https://www.h24info.ma/economie/: HTTPSConnectionPool(host='www.h24info.ma', port=443): Max retries exceeded with url: /economie/ (Caused by NameResolutionError("<urllib3.connection.HTTPSConnection object at 0x118ecf650>: Failed to resolve 'www.h24info.ma' ([Errno 8] nodename nor servname provided, or not known)"))
2025-06-19 16:03:50 - scraper - INFO - Retrying in 37.10 seconds...
2025-06-19 16:04:27 - scraper - WARNING - Attempt 3/3 failed for https://www.h24info.ma/economie/: HTTPSConnectionPool(host='www.h24info.ma', port=443): Max retries exceeded with url: /economie/ (Caused by NameResolutionError("<urllib3.connection.HTTPSConnection object at 0x118eb2390>: Failed to resolve 'www.h24info.ma' ([Errno 8] nodename nor servname provided, or not known)"))
2025-06-19 16:04:27 - scraper - ERROR - All retries failed for https://www.h24info.ma/economie/
2025-06-19 16:04:27 - scraper - INFO - Found 0 potential articles from H24Info
2025-06-19 16:04:27 - scraper - INFO - Successfully parsed 0 valid articles from H24Info
2025-06-19 16:04:27 - scraper - INFO - Collecting news from Le Matin...
2025-06-19 16:04:27 - scraper - WARNING - Attempt 1/3 failed for https://lematin.ma/economie: HTTPSConnectionPool(host='lematin.ma', port=443): Max retries exceeded with url: /economie (Caused by NameResolutionError("<urllib3.connection.HTTPSConnection object at 0x118eb2ad0>: Failed to resolve 'lematin.ma' ([Errno 8] nodename nor servname provided, or not known)"))
2025-06-19 16:04:27 - scraper - INFO - Retrying in 22.55 seconds...
2025-06-19 16:04:50 - scraper - WARNING - Attempt 2/3 failed for https://lematin.ma/economie: HTTPSConnectionPool(host='lematin.ma', port=443): Max retries exceeded with url: /economie (Caused by NameResolutionError("<urllib3.connection.HTTPSConnection object at 0x118ecebd0>: Failed to resolve 'lematin.ma' ([Errno 8] nodename nor servname provided, or not known)"))
2025-06-19 16:04:50 - scraper - INFO - Retrying in 39.31 seconds...
2025-06-19 16:05:29 - scraper - WARNING - Attempt 3/3 failed for https://lematin.ma/economie: HTTPSConnectionPool(host='lematin.ma', port=443): Max retries exceeded with url: /economie (Caused by NameResolutionError("<urllib3.connection.HTTPSConnection object at 0x118ecc750>: Failed to resolve 'lematin.ma' ([Errno 8] nodename nor servname provided, or not known)"))
2025-06-19 16:05:29 - scraper - ERROR - All retries failed for https://lematin.ma/economie
2025-06-19 16:05:29 - scraper - INFO - Found 0 potential articles from Le Matin
2025-06-19 16:05:29 - scraper - INFO - Successfully parsed 0 valid articles from Le Matin
2025-06-19 16:05:29 - scraper - INFO - Collecting news from Medias24...
2025-06-19 16:05:29 - scraper - WARNING - Attempt 1/3 failed for https://medias24.com/categorie/leboursier/: HTTPSConnectionPool(host='medias24.com', port=443): Max retries exceeded with url: /categorie/leboursier/ (Caused by NameResolutionError("<urllib3.connection.HTTPSConnection object at 0x118eaac10>: Failed to resolve 'medias24.com' ([Errno 8] nodename nor servname provided, or not known)"))
2025-06-19 16:05:29 - scraper - INFO - Retrying in 26.14 seconds...
2025-06-19 16:05:55 - scraper - WARNING - Attempt 2/3 failed for https://medias24.com/categorie/leboursier/: HTTPSConnectionPool(host='medias24.com', port=443): Max retries exceeded with url: /categorie/leboursier/ (Caused by NameResolutionError("<urllib3.connection.HTTPSConnection object at 0x118ebfbd0>: Failed to resolve 'medias24.com' ([Errno 8] nodename nor servname provided, or not known)"))
2025-06-19 16:05:55 - scraper - INFO - Retrying in 35.92 seconds...
2025-06-19 16:06:31 - scraper - WARNING - Attempt 3/3 failed for https://medias24.com/categorie/leboursier/: HTTPSConnectionPool(host='medias24.com', port=443): Max retries exceeded with url: /categorie/leboursier/ (Caused by NameResolutionError("<urllib3.connection.HTTPSConnection object at 0x118ed5950>: Failed to resolve 'medias24.com' ([Errno 8] nodename nor servname provided, or not known)"))
2025-06-19 16:06:31 - scraper - ERROR - All retries failed for https://medias24.com/categorie/leboursier/
2025-06-19 16:06:31 - scraper - INFO - Found 0 potential articles from Medias24
2025-06-19 16:06:31 - scraper - INFO - Successfully parsed 0 valid articles from Medias24
2025-06-19 16:06:31 - scraper - INFO - Collecting news from Finance News - Financial...
2025-06-19 16:06:31 - scraper - WARNING - Attempt 1/4 failed for https://fnh.ma/articles/actualite-financiere-maroc: HTTPSConnectionPool(host='fnh.ma', port=443): Max retries exceeded with url: /articles/actualite-financiere-maroc (Caused by NameResolutionError("<urllib3.connection.HTTPSConnection object at 0x118ebed10>: Failed to resolve 'fnh.ma' ([Errno 8] nodename nor servname provided, or not known)"))
2025-06-19 16:06:31 - scraper - INFO - Retrying in 24.36 seconds...
2025-06-19 16:06:56 - scraper - WARNING - Attempt 2/4 failed for https://fnh.ma/articles/actualite-financiere-maroc: HTTPSConnectionPool(host='fnh.ma', port=443): Max retries exceeded with url: /articles/actualite-financiere-maroc (Caused by NameResolutionError("<urllib3.connection.HTTPSConnection object at 0x118ebd410>: Failed to resolve 'fnh.ma' ([Errno 8] nodename nor servname provided, or not known)"))
2025-06-19 16:06:56 - scraper - INFO - Retrying in 44.26 seconds...
2025-06-19 16:07:40 - scraper - WARNING - Attempt 3/4 failed for https://fnh.ma/articles/actualite-financiere-maroc: HTTPSConnectionPool(host='fnh.ma', port=443): Max retries exceeded with url: /articles/actualite-financiere-maroc (Caused by NameResolutionError("<urllib3.connection.HTTPSConnection object at 0x118ecdc90>: Failed to resolve 'fnh.ma' ([Errno 8] nodename nor servname provided, or not known)"))
2025-06-19 16:07:40 - scraper - INFO - Retrying in 51.60 seconds...
2025-06-19 16:08:32 - scraper - WARNING - Attempt 4/4 failed for https://fnh.ma/articles/actualite-financiere-maroc: HTTPSConnectionPool(host='fnh.ma', port=443): Max retries exceeded with url: /articles/actualite-financiere-maroc (Caused by NameResolutionError("<urllib3.connection.HTTPSConnection object at 0x118ecfb90>: Failed to resolve 'fnh.ma' ([Errno 8] nodename nor servname provided, or not known)"))
2025-06-19 16:08:32 - scraper - ERROR - All retries failed for https://fnh.ma/articles/actualite-financiere-maroc
2025-06-19 16:08:32 - scraper - INFO - Found 0 potential articles from Finance News - Financial
2025-06-19 16:08:32 - scraper - INFO - Successfully parsed 0 valid articles from Finance News - Financial
2025-06-19 16:08:32 - scraper - INFO - Collecting news from Finance News - Economic...
2025-06-19 16:08:32 - scraper - WARNING - Attempt 1/4 failed for https://fnh.ma/articles/actualite-economique: HTTPSConnectionPool(host='fnh.ma', port=443): Max retries exceeded with url: /articles/actualite-economique (Caused by NameResolutionError("<urllib3.connection.HTTPSConnection object at 0x118eb2b50>: Failed to resolve 'fnh.ma' ([Errno 8] nodename nor servname provided, or not known)"))
2025-06-19 16:08:32 - scraper - INFO - Retrying in 27.58 seconds...
2025-06-19 16:08:59 - scraper - WARNING - Attempt 2/4 failed for https://fnh.ma/articles/actualite-economique: HTTPSConnectionPool(host='fnh.ma', port=443): Max retries exceeded with url: /articles/actualite-economique (Caused by NameResolutionError("<urllib3.connection.HTTPSConnection object at 0x118ed4d50>: Failed to resolve 'fnh.ma' ([Errno 8] nodename nor servname provided, or not known)"))
2025-06-19 16:08:59 - scraper - INFO - Retrying in 36.05 seconds...
2025-06-19 16:09:35 - scraper - WARNING - Attempt 3/4 failed for https://fnh.ma/articles/actualite-economique: HTTPSConnectionPool(host='fnh.ma', port=443): Max retries exceeded with url: /articles/actualite-economique (Caused by NameResolutionError("<urllib3.connection.HTTPSConnection object at 0x118eb1150>: Failed to resolve 'fnh.ma' ([Errno 8] nodename nor servname provided, or not known)"))
2025-06-19 16:09:35 - scraper - INFO - Retrying in 52.94 seconds...
2025-06-19 16:10:28 - scraper - WARNING - Attempt 4/4 failed for https://fnh.ma/articles/actualite-economique: HTTPSConnectionPool(host='fnh.ma', port=443): Max retries exceeded with url: /articles/actualite-economique (Caused by NameResolutionError("<urllib3.connection.HTTPSConnection object at 0x118eb3150>: Failed to resolve 'fnh.ma' ([Errno 8] nodename nor servname provided, or not known)"))
2025-06-19 16:10:28 - scraper - ERROR - All retries failed for https://fnh.ma/articles/actualite-economique
2025-06-19 16:10:28 - scraper - INFO - Found 0 potential articles from Finance News - Economic
2025-06-19 16:10:28 - scraper - INFO - Successfully parsed 0 valid articles from Finance News - Economic
2025-06-19 16:10:28 - scraper - WARNING - No articles were collected.
2025-06-20 16:00:02 - scraper - INFO - Collecting news from Boursenews...
2025-06-20 16:00:05 - scraper - INFO - Found 20 potential articles from Boursenews
2025-06-20 16:00:09 - scraper - WARNING - Skipping https://boursenews.ma/articles/marches/5 - Not a valid article
2025-06-20 16:00:24 - scraper - WARNING - Skipping https://boursenews.ma/article/actualite/bourses-europe-tensions-moyen-orient - Not a valid article
2025-06-20 16:00:37 - scraper - WARNING - Skipping https://boursenews.ma/article/actualite/Protection-sociale-au-Maroc-nouveau-soutien-de-250-M%24-de-la-Banque-mondiale - Not a valid article
2025-06-20 16:00:41 - scraper - WARNING - Skipping https://boursenews.ma/articles/marches/4 - Not a valid article
2025-06-20 16:00:45 - scraper - WARNING - Skipping https://boursenews.ma/article/marches/les-bourses-europeens-rebondissent-vendredi - Not a valid article
2025-06-20 16:01:09 - scraper - ERROR - Error parsing article https://boursenews.ma/article/marches/sentiment-marche-boursenews: Article `download()` failed with HTTPSConnectionPool(host='boursenews.ma', port=443): Read timed out. (read timeout=20) on URL https://boursenews.ma/article/marches/sentiment-marche-boursenews
2025-06-20 16:01:20 - scraper - WARNING - Skipping https://boursenews.ma/article/marches/portefeuille-boursenews-investisseur - Not a valid article
2025-06-20 16:01:39 - scraper - WARNING - Skipping https://boursenews.ma/articles/marches/2 - Not a valid article
2025-06-20 16:01:48 - scraper - WARNING - Skipping https://boursenews.ma/article/marches/feuille-de-marche - Not a valid article
2025-06-20 16:01:48 - scraper - INFO - Successfully parsed 11 valid articles from Boursenews
2025-06-20 16:01:48 - scraper - INFO - Collecting news from FLM...
2025-06-20 16:01:49 - scraper - INFO - Found 98 potential articles on FLM
2025-06-20 16:01:49 - scraper - INFO - Found 20 potential articles from FLM
2025-06-20 16:02:01 - scraper - WARNING - Skipping https://flm.ma/news.php?id=54779 - Not a valid article
2025-06-20 16:02:31 - scraper - WARNING - Skipping https://flm.ma/article.php?id=12494 - Not a valid article
2025-06-20 16:02:52 - scraper - WARNING - Skipping https://flm.ma/article.php?id=12477 - Not a valid article
2025-06-20 16:02:55 - scraper - INFO - Successfully parsed 17 valid articles from FLM
2025-06-20 16:02:55 - scraper - INFO - Collecting news from Le Desk...
2025-06-20 16:02:55 - scraper - INFO - Found 7 potential articles from Le Desk
2025-06-20 16:03:10 - scraper - WARNING - Skipping https://ledesk.ma/2025/06/19/vicenne-obtient-le-visa-de-lammc-pour-son-introduction-en-bourse/ - Not a valid article
2025-06-20 16:03:14 - scraper - INFO - Successfully parsed 6 valid articles from Le Desk
2025-06-20 16:03:14 - scraper - INFO - Collecting news from H24Info...
2025-06-20 16:03:15 - scraper - INFO - Found 15 potential articles from H24Info
2025-06-20 16:03:33 - scraper - WARNING - Skipping http://h24info.ma/economie/?PageSpeed=noscript - Not a valid article
2025-06-20 16:03:52 - scraper - WARNING - Skipping https://h24info.ma/economie/we-finance-code-bam-la-berd-et-ifc-unis-pour-lentrepreneuriat-feminin-au-maroc/ - Not a valid article
2025-06-20 16:03:52 - scraper - INFO - Successfully parsed 13 valid articles from H24Info
2025-06-20 16:03:52 - scraper - INFO - Collecting news from Le Matin...
2025-06-20 16:03:52 - scraper - INFO - Found 20 potential articles from Le Matin
2025-06-20 16:03:57 - scraper - WARNING - Skipping https://lematin.ma/economie/vicenne-vise-700-millions-de-dirhams-de-projets-apres-son-ipo-en-bourse/286506 - Not a valid article
2025-06-20 16:04:31 - scraper - WARNING - Skipping https://lematin.ma/economie/le-maroc-bien-positionne-pour-capter-les-financements-de-la-bid/286723 - Not a valid article
2025-06-20 16:04:44 - scraper - WARNING - Skipping https://lematin.ma/economie/lancement-officiel-du-women-entrepreneurs-finance-code-au-maroc/286515 - Not a valid article
2025-06-20 16:04:47 - scraper - INFO - Successfully parsed 17 valid articles from Le Matin
2025-06-20 16:04:47 - scraper - INFO - Collecting news from Medias24...
2025-06-20 16:04:47 - scraper - INFO - Found 12 potential articles from Medias24
2025-06-20 16:04:55 - scraper - WARNING - Skipping https://medias24.com/2025/06/18/ventes-de-ciment-en-forte-reprise-grands-chantiers-sportifs-le-secteur-de-la-construction-retrouve-un-cycle-porteur-en-bourse/ - Not a valid article
2025-06-20 16:05:05 - scraper - WARNING - Skipping https://medias24.com/categorie/economie/ - Not a valid article
2025-06-20 16:05:12 - scraper - WARNING - Skipping https://medias24.com/2025/06/19/vicenne-visa-ammc-introduction-en-bourse/ - Not a valid article
2025-06-20 16:05:21 - scraper - INFO - Successfully parsed 9 valid articles from Medias24
2025-06-20 16:05:21 - scraper - INFO - Collecting news from Finance News - Financial...
2025-06-20 16:05:31 - scraper - INFO - Found 10 potential articles from Finance News - Financial
2025-06-20 16:05:36 - scraper - WARNING - Skipping https://fnh.ma/article/actualite-financiere-maroc/saham-bank-societe-generale - Not a valid article
2025-06-20 16:06:13 - scraper - WARNING - Skipping https://fnh.ma/article/actualite-financiere-maroc/bourse-casablanca-2025 - Not a valid article
2025-06-20 16:06:34 - scraper - WARNING - Skipping https://fnh.ma/article/actualite-financiere-maroc/zoom-vicenne-bourse-de-casablanca - Not a valid article
2025-06-20 16:06:38 - scraper - INFO - Successfully parsed 7 valid articles from Finance News - Financial
2025-06-20 16:06:38 - scraper - INFO - Collecting news from Finance News - Economic...
2025-06-20 16:06:39 - scraper - INFO - Found 10 potential articles from Finance News - Economic
2025-06-20 16:07:52 - scraper - INFO - Successfully parsed 10 valid articles from Finance News - Economic
2025-06-20 16:07:52 - scraper - INFO - Added 6 new articles to /Users/mac/Desktop/Moroccan_Financial_News_Analysis_System/try4_cl/data/raw/moroccan_financial_news.csv
2025-06-20 20:03:07 - scraper - INFO - Collecting news from Boursenews...
2025-06-20 20:03:08 - scraper - INFO - Found 20 potential articles from Boursenews
2025-06-20 20:03:25 - scraper - WARNING - Skipping https://boursenews.ma/articles/marches/4 - Not a valid article
2025-06-20 20:03:45 - scraper - WARNING - Skipping https://boursenews.ma/article/marches/feuille-de-marche - Not a valid article
2025-06-20 20:03:48 - scraper - WARNING - Skipping https://boursenews.ma/articles/marches/2 - Not a valid article
2025-06-20 20:03:52 - scraper - WARNING - Skipping https://boursenews.ma/article/actualite/Protection-sociale-au-Maroc-nouveau-soutien-de-250-M%24-de-la-Banque-mondiale - Not a valid article
2025-06-20 20:04:18 - scraper - ERROR - Error parsing article https://boursenews.ma/article/actualite/Le-Roadshow-Regional-annuel-de-TAMWILCOM-poursuit-sa-tournee-a-Laayoune: Article `download()` failed with HTTPSConnectionPool(host='boursenews.ma', port=443): Read timed out. (read timeout=20) on URL https://boursenews.ma/article/actualite/Le-Roadshow-Regional-annuel-de-TAMWILCOM-poursuit-sa-tournee-a-Laayoune
2025-06-20 20:04:22 - scraper - WARNING - Skipping https://boursenews.ma/articles/marches/3 - Not a valid article
2025-06-20 20:04:26 - scraper - WARNING - Skipping https://boursenews.ma/articles/marches/5 - Not a valid article
2025-06-20 20:04:28 - scraper - WARNING - Skipping https://boursenews.ma/article/marches/portefeuille-boursenews-investisseur - Not a valid article
2025-06-20 20:04:46 - scraper - WARNING - Skipping https://boursenews.ma/article/actualite/bourses-europe-tensions-moyen-orient - Not a valid article
2025-06-20 20:04:53 - scraper - INFO - Successfully parsed 11 valid articles from Boursenews
2025-06-20 20:04:53 - scraper - INFO - Collecting news from FLM...
2025-06-20 20:04:54 - scraper - INFO - Found 98 potential articles on FLM
2025-06-20 20:04:54 - scraper - INFO - Found 20 potential articles from FLM
2025-06-20 20:05:10 - scraper - WARNING - Skipping https://flm.ma/news.php?id=54779 - Not a valid article
2025-06-20 20:05:33 - scraper - WARNING - Skipping https://flm.ma/article.php?id=12494 - Not a valid article
2025-06-20 20:05:52 - scraper - WARNING - Skipping https://flm.ma/article.php?id=12477 - Not a valid article
2025-06-20 20:05:55 - scraper - INFO - Successfully parsed 17 valid articles from FLM
2025-06-20 20:05:55 - scraper - INFO - Collecting news from Le Desk...
2025-06-20 20:05:56 - scraper - INFO - Found 7 potential articles from Le Desk
2025-06-20 20:06:07 - scraper - WARNING - Skipping https://ledesk.ma/2025/06/19/vicenne-obtient-le-visa-de-lammc-pour-son-introduction-en-bourse/ - Not a valid article
2025-06-20 20:06:10 - scraper - INFO - Successfully parsed 6 valid articles from Le Desk
2025-06-20 20:06:10 - scraper - INFO - Collecting news from H24Info...
2025-06-20 20:06:11 - scraper - INFO - Found 14 potential articles from H24Info
2025-06-20 20:06:34 - scraper - WARNING - Skipping https://h24info.ma/economie/we-finance-code-bam-la-berd-et-ifc-unis-pour-lentrepreneuriat-feminin-au-maroc/ - Not a valid article
2025-06-20 20:06:53 - scraper - WARNING - Skipping http://h24info.ma/economie/?PageSpeed=noscript - Not a valid article
2025-06-20 20:07:13 - scraper - INFO - Successfully parsed 12 valid articles from H24Info
2025-06-20 20:07:13 - scraper - INFO - Collecting news from Le Matin...
2025-06-20 20:07:14 - scraper - INFO - Found 20 potential articles from Le Matin
2025-06-20 20:07:17 - scraper - WARNING - Skipping https://lematin.ma/economie/lancement-officiel-du-women-entrepreneurs-finance-code-au-maroc/286515 - Not a valid article
2025-06-20 20:07:20 - scraper - WARNING - Skipping https://lematin.ma/economie/le-maroc-bien-positionne-pour-capter-les-financements-de-la-bid/286723 - Not a valid article
2025-06-20 20:08:08 - scraper - WARNING - Skipping https://lematin.ma/economie/vicenne-vise-700-millions-de-dirhams-de-projets-apres-son-ipo-en-bourse/286506 - Not a valid article
2025-06-20 20:08:12 - scraper - INFO - Successfully parsed 17 valid articles from Le Matin
2025-06-20 20:08:12 - scraper - INFO - Collecting news from Medias24...
2025-06-20 20:08:12 - scraper - INFO - Found 12 potential articles from Medias24
2025-06-20 20:08:22 - scraper - WARNING - Skipping https://medias24.com/2025/06/19/vicenne-visa-ammc-introduction-en-bourse/ - Not a valid article
2025-06-20 20:08:32 - scraper - WARNING - Skipping https://medias24.com/2025/06/18/ventes-de-ciment-en-forte-reprise-grands-chantiers-sportifs-le-secteur-de-la-construction-retrouve-un-cycle-porteur-en-bourse/ - Not a valid article
2025-06-20 20:08:34 - scraper - WARNING - Skipping https://medias24.com/categorie/economie/ - Not a valid article
2025-06-20 20:08:38 - scraper - INFO - Successfully parsed 9 valid articles from Medias24
2025-06-20 20:08:38 - scraper - INFO - Collecting news from Finance News - Financial...
2025-06-20 20:08:40 - scraper - INFO - Found 10 potential articles from Finance News - Financial
2025-06-20 20:08:50 - scraper - WARNING - Skipping https://fnh.ma/article/actualite-financiere-maroc/saham-bank-societe-generale - Not a valid article
2025-06-20 20:08:55 - scraper - WARNING - Skipping https://fnh.ma/article/actualite-financiere-maroc/zoom-vicenne-bourse-de-casablanca - Not a valid article
2025-06-20 20:09:24 - scraper - WARNING - Skipping https://fnh.ma/article/actualite-financiere-maroc/bourse-casablanca-2025 - Not a valid article
2025-06-20 20:09:45 - scraper - INFO - Successfully parsed 7 valid articles from Finance News - Financial
2025-06-20 20:09:45 - scraper - INFO - Collecting news from Finance News - Economic...
2025-06-20 20:09:45 - scraper - INFO - Found 10 potential articles from Finance News - Economic
2025-06-20 20:10:56 - scraper - ERROR - Error parsing article https://fnh.ma/article/actualite-economique/reforme-prix-medicaments-maroc-interview-belaiche: Article `download()` failed with HTTPSConnectionPool(host='fnh.ma', port=443): Read timed out. (read timeout=20) on URL https://fnh.ma/article/actualite-economique/reforme-prix-medicaments-maroc-interview-belaiche
2025-06-20 20:11:01 - scraper - INFO - Successfully parsed 9 valid articles from Finance News - Economic
2025-06-20 20:11:01 - scraper - INFO - Added 6 new articles to /Users/mac/Desktop/Moroccan_Financial_News_Analysis_System/try4_cl/data/raw/moroccan_financial_news.csv
2025-06-21 12:00:03 - scraper - INFO - Collecting news from Boursenews...
2025-06-21 12:00:04 - scraper - INFO - Found 20 potential articles from Boursenews
2025-06-21 12:00:18 - scraper - WARNING - Skipping https://boursenews.ma/article/marches/feuille-de-marche - Not a valid article
2025-06-21 12:00:22 - scraper - WARNING - Skipping https://boursenews.ma/articles/marches/5 - Not a valid article
2025-06-21 12:00:25 - scraper - WARNING - Skipping https://boursenews.ma/article/actualite/Protection-sociale-au-Maroc-nouveau-soutien-de-250-M%24-de-la-Banque-mondiale - Not a valid article
2025-06-21 12:00:37 - scraper - WARNING - Skipping https://boursenews.ma/articles/marches/2 - Not a valid article
2025-06-21 12:00:58 - scraper - WARNING - Skipping https://boursenews.ma/articles/marches/4 - Not a valid article
2025-06-21 12:01:09 - scraper - WARNING - Skipping https://boursenews.ma/article/marches/portefeuille-boursenews-investisseur - Not a valid article
2025-06-21 12:01:32 - scraper - WARNING - Skipping https://boursenews.ma/articles/marches/3 - Not a valid article
2025-06-21 12:01:37 - scraper - INFO - Successfully parsed 13 valid articles from Boursenews
2025-06-21 12:01:37 - scraper - INFO - Collecting news from FLM...
2025-06-21 12:01:38 - scraper - INFO - Found 98 potential articles on FLM
2025-06-21 12:01:38 - scraper - INFO - Found 20 potential articles from FLM
2025-06-21 12:02:02 - scraper - WARNING - Skipping https://flm.ma/news.php?id=54779 - Not a valid article
2025-06-21 12:02:10 - scraper - WARNING - Skipping https://flm.ma/article.php?id=12501 - Not a valid article
2025-06-21 12:02:19 - scraper - WARNING - Skipping https://flm.ma/article.php?id=12494 - Not a valid article
2025-06-21 12:02:28 - scraper - WARNING - Skipping https://flm.ma/article.php?id=12485 - Not a valid article
2025-06-21 12:02:35 - scraper - WARNING - Skipping https://flm.ma/article.php?id=12477 - Not a valid article
2025-06-21 12:02:35 - scraper - INFO - Successfully parsed 15 valid articles from FLM
2025-06-21 12:02:35 - scraper - INFO - Collecting news from Le Desk...
2025-06-21 12:02:36 - scraper - INFO - Found 7 potential articles from Le Desk
2025-06-21 12:02:51 - scraper - WARNING - Skipping https://ledesk.ma/2025/06/19/vicenne-obtient-le-visa-de-lammc-pour-son-introduction-en-bourse/ - Not a valid article
2025-06-21 12:02:53 - scraper - INFO - Successfully parsed 6 valid articles from Le Desk
2025-06-21 12:02:53 - scraper - INFO - Collecting news from H24Info...
2025-06-21 12:02:54 - scraper - INFO - Found 15 potential articles from H24Info
2025-06-21 12:02:58 - scraper - WARNING - Skipping https://h24info.ma/economie/we-finance-code-bam-la-berd-et-ifc-unis-pour-lentrepreneuriat-feminin-au-maroc/ - Not a valid article
2025-06-21 12:03:10 - scraper - WARNING - Skipping https://h24info.ma/economie/rabat-accueille-le-3e-forum-international-de-la-chimie-cap-sur-linnovation-et-la-souverainete-industrielle/ - Not a valid article
2025-06-21 12:03:30 - scraper - WARNING - Skipping http://h24info.ma/economie/?PageSpeed=noscript - Not a valid article
2025-06-21 12:03:35 - scraper - INFO - Successfully parsed 12 valid articles from H24Info
2025-06-21 12:03:35 - scraper - INFO - Collecting news from Le Matin...
2025-06-21 12:03:36 - scraper - INFO - Found 20 potential articles from Le Matin
2025-06-21 12:03:40 - scraper - WARNING - Skipping https://lematin.ma/economie/lancement-officiel-du-women-entrepreneurs-finance-code-au-maroc/286515 - Not a valid article
2025-06-21 12:03:44 - scraper - WARNING - Skipping https://lematin.ma/economie/le-maroc-bien-positionne-pour-capter-les-financements-de-la-bid/286723 - Not a valid article
2025-06-21 12:04:06 - scraper - WARNING - Skipping https://lematin.ma/economie/vicenne-vise-700-millions-de-dirhams-de-projets-apres-son-ipo-en-bourse/286506 - Not a valid article
2025-06-21 12:04:29 - scraper - INFO - Successfully parsed 17 valid articles from Le Matin
2025-06-21 12:04:29 - scraper - INFO - Collecting news from Medias24...
2025-06-21 12:04:30 - scraper - INFO - Found 13 potential articles from Medias24
2025-06-21 12:04:39 - scraper - WARNING - Skipping https://medias24.com/2025/06/19/vicenne-visa-ammc-introduction-en-bourse/ - Not a valid article
2025-06-21 12:04:43 - scraper - WARNING - Skipping https://medias24.com/2025/06/18/ventes-de-ciment-en-forte-reprise-grands-chantiers-sportifs-le-secteur-de-la-construction-retrouve-un-cycle-porteur-en-bourse/ - Not a valid article
2025-06-21 12:04:59 - scraper - WARNING - Skipping https://medias24.com/categorie/economie/ - Not a valid article
2025-06-21 12:05:03 - scraper - INFO - Successfully parsed 10 valid articles from Medias24
2025-06-21 12:05:03 - scraper - INFO - Collecting news from Finance News - Financial...
2025-06-21 12:05:04 - scraper - INFO - Found 10 potential articles from Finance News - Financial
2025-06-21 12:05:22 - scraper - WARNING - Skipping https://fnh.ma/article/actualite-financiere-maroc/saham-bank-societe-generale - Not a valid article
2025-06-21 12:05:26 - scraper - WARNING - Skipping https://fnh.ma/article/actualite-financiere-maroc/zoom-vicenne-bourse-de-casablanca - Not a valid article
2025-06-21 12:06:04 - scraper - WARNING - Skipping https://fnh.ma/article/actualite-financiere-maroc/bourse-casablanca-2025 - Not a valid article
2025-06-21 12:06:15 - scraper - WARNING - Skipping https://fnh.ma/article/actualite-financiere-maroc/mnes-cotees-bourse-casablanca - Not a valid article
2025-06-21 12:06:15 - scraper - INFO - Successfully parsed 6 valid articles from Finance News - Financial
2025-06-21 12:06:15 - scraper - INFO - Collecting news from Finance News - Economic...
2025-06-21 12:06:16 - scraper - INFO - Found 10 potential articles from Finance News - Economic
2025-06-21 12:07:20 - scraper - INFO - Successfully parsed 10 valid articles from Finance News - Economic
2025-06-21 12:07:20 - scraper - INFO - Added 6 new articles to /Users/mac/Desktop/Moroccan_Financial_News_Analysis_System/try4_cl/data/raw/moroccan_financial_news.csv
2025-06-21 16:00:03 - scraper - INFO - Collecting news from Boursenews...
2025-06-21 16:00:04 - scraper - INFO - Found 20 potential articles from Boursenews
2025-06-21 16:00:14 - scraper - WARNING - Skipping https://boursenews.ma/articles/marches/2 - Not a valid article
2025-06-21 16:00:16 - scraper - WARNING - Skipping https://boursenews.ma/article/marches/portefeuille-boursenews-investisseur - Not a valid article
2025-06-21 16:00:24 - scraper - WARNING - Skipping https://boursenews.ma/articles/marches/5 - Not a valid article
2025-06-21 16:00:34 - scraper - WARNING - Skipping https://boursenews.ma/article/marches/les-bourses-europeens-rebondissent-vendredi - Not a valid article
2025-06-21 16:01:08 - scraper - WARNING - Skipping https://boursenews.ma/article/actualite/Protection-sociale-au-Maroc-nouveau-soutien-de-250-M%24-de-la-Banque-mondiale - Not a valid article
2025-06-21 16:01:22 - scraper - WARNING - Skipping https://boursenews.ma/article/marches/feuille-de-marche - Not a valid article
2025-06-21 16:01:22 - scraper - INFO - Successfully parsed 14 valid articles from Boursenews
2025-06-21 16:01:22 - scraper - INFO - Collecting news from FLM...
2025-06-21 16:01:24 - scraper - INFO - Found 98 potential articles on FLM
2025-06-21 16:01:24 - scraper - INFO - Found 20 potential articles from FLM
2025-06-21 16:01:51 - scraper - WARNING - Skipping https://flm.ma/news.php?id=54779 - Not a valid article
2025-06-21 16:01:55 - scraper - WARNING - Skipping https://flm.ma/article.php?id=12501 - Not a valid article
2025-06-21 16:02:03 - scraper - WARNING - Skipping https://flm.ma/article.php?id=12494 - Not a valid article
2025-06-21 16:02:10 - scraper - WARNING - Skipping https://flm.ma/article.php?id=12485 - Not a valid article
2025-06-21 16:02:19 - scraper - WARNING - Skipping https://flm.ma/article.php?id=12477 - Not a valid article
2025-06-21 16:02:19 - scraper - INFO - Successfully parsed 15 valid articles from FLM
2025-06-21 16:02:19 - scraper - INFO - Collecting news from Le Desk...
2025-06-21 16:02:19 - scraper - INFO - Found 7 potential articles from Le Desk
2025-06-21 16:02:28 - scraper - WARNING - Skipping https://ledesk.ma/2025/06/19/vicenne-obtient-le-visa-de-lammc-pour-son-introduction-en-bourse/ - Not a valid article
2025-06-21 16:02:37 - scraper - INFO - Successfully parsed 6 valid articles from Le Desk
2025-06-21 16:02:37 - scraper - INFO - Collecting news from H24Info...
2025-06-21 16:02:37 - scraper - INFO - Found 15 potential articles from H24Info
2025-06-21 16:02:50 - scraper - WARNING - Skipping http://h24info.ma/economie/?PageSpeed=noscript - Not a valid article
2025-06-21 16:02:54 - scraper - WARNING - Skipping https://h24info.ma/economie/we-finance-code-bam-la-berd-et-ifc-unis-pour-lentrepreneuriat-feminin-au-maroc/ - Not a valid article
2025-06-21 16:03:13 - scraper - INFO - Successfully parsed 13 valid articles from H24Info
2025-06-21 16:03:13 - scraper - INFO - Collecting news from Le Matin...
2025-06-21 16:03:14 - scraper - INFO - Found 20 potential articles from Le Matin
2025-06-21 16:03:20 - scraper - WARNING - Skipping https://lematin.ma/economie/lancement-officiel-du-women-entrepreneurs-finance-code-au-maroc/286515 - Not a valid article
2025-06-21 16:03:53 - scraper - WARNING - Skipping https://lematin.ma/economie/le-maroc-bien-positionne-pour-capter-les-financements-de-la-bid/286723 - Not a valid article
2025-06-21 16:04:11 - scraper - WARNING - Skipping https://lematin.ma/economie/vicenne-vise-700-millions-de-dirhams-de-projets-apres-son-ipo-en-bourse/286506 - Not a valid article
2025-06-21 16:04:13 - scraper - INFO - Successfully parsed 17 valid articles from Le Matin
2025-06-21 16:04:13 - scraper - INFO - Collecting news from Medias24...
2025-06-21 16:04:13 - scraper - INFO - Found 13 potential articles from Medias24
2025-06-21 16:04:23 - scraper - WARNING - Skipping https://medias24.com/2025/06/18/ventes-de-ciment-en-forte-reprise-grands-chantiers-sportifs-le-secteur-de-la-construction-retrouve-un-cycle-porteur-en-bourse/ - Not a valid article
2025-06-21 16:04:33 - scraper - WARNING - Skipping https://medias24.com/2025/06/19/vicenne-visa-ammc-introduction-en-bourse/ - Not a valid article
2025-06-21 16:04:36 - scraper - WARNING - Skipping https://medias24.com/categorie/economie/ - Not a valid article
2025-06-21 16:04:46 - scraper - INFO - Successfully parsed 10 valid articles from Medias24
2025-06-21 16:04:46 - scraper - INFO - Collecting news from Finance News - Financial...
2025-06-21 16:04:47 - scraper - INFO - Found 10 potential articles from Finance News - Financial
2025-06-21 16:04:56 - scraper - WARNING - Skipping https://fnh.ma/article/actualite-financiere-maroc/mnes-cotees-bourse-casablanca - Not a valid article
2025-06-21 16:05:04 - scraper - WARNING - Skipping https://fnh.ma/article/actualite-financiere-maroc/bourse-casablanca-2025 - Not a valid article
2025-06-21 16:05:20 - scraper - WARNING - Skipping https://fnh.ma/article/actualite-financiere-maroc/saham-bank-societe-generale - Not a valid article
2025-06-21 16:05:29 - scraper - WARNING - Skipping https://fnh.ma/article/actualite-financiere-maroc/zoom-vicenne-bourse-de-casablanca - Not a valid article
2025-06-21 16:05:32 - scraper - INFO - Successfully parsed 6 valid articles from Finance News - Financial
2025-06-21 16:05:32 - scraper - INFO - Collecting news from Finance News - Economic...
2025-06-21 16:05:33 - scraper - INFO - Found 10 potential articles from Finance News - Economic
2025-06-21 16:06:28 - scraper - INFO - Successfully parsed 10 valid articles from Finance News - Economic
2025-06-21 16:06:28 - scraper - INFO - Added 5 new articles to /Users/mac/Desktop/Moroccan_Financial_News_Analysis_System/try4_cl/data/raw/moroccan_financial_news.csv
2025-06-21 20:00:03 - scraper - INFO - Collecting news from Boursenews...
2025-06-21 20:00:04 - scraper - INFO - Found 20 potential articles from Boursenews
2025-06-21 20:00:26 - scraper - WARNING - Skipping https://boursenews.ma/article/actualite/Protection-sociale-au-Maroc-nouveau-soutien-de-250-M%24-de-la-Banque-mondiale - Not a valid article
2025-06-21 20:00:30 - scraper - WARNING - Skipping https://boursenews.ma/article/marches/feuille-de-marche - Not a valid article
2025-06-21 20:01:03 - scraper - WARNING - Skipping https://boursenews.ma/articles/marches/4 - Not a valid article
2025-06-21 20:01:06 - scraper - WARNING - Skipping https://boursenews.ma/articles/marches/5 - Not a valid article
2025-06-21 20:01:12 - scraper - WARNING - Skipping https://boursenews.ma/article/marches/les-bourses-europeens-rebondissent-vendredi - Not a valid article
2025-06-21 20:02:12 - scraper - INFO - Successfully parsed 15 valid articles from Boursenews
2025-06-21 20:02:12 - scraper - INFO - Collecting news from FLM...
2025-06-21 20:02:13 - scraper - INFO - Found 98 potential articles on FLM
2025-06-21 20:02:13 - scraper - INFO - Found 20 potential articles from FLM
2025-06-21 20:02:44 - scraper - WARNING - Skipping https://flm.ma/news.php?id=54779 - Not a valid article
2025-06-21 20:02:48 - scraper - WARNING - Skipping https://flm.ma/article.php?id=12501 - Not a valid article
2025-06-21 20:02:57 - scraper - WARNING - Skipping https://flm.ma/article.php?id=12494 - Not a valid article
2025-06-21 20:03:05 - scraper - WARNING - Skipping https://flm.ma/article.php?id=12485 - Not a valid article
2025-06-21 20:03:15 - scraper - WARNING - Skipping https://flm.ma/article.php?id=12477 - Not a valid article
2025-06-21 20:03:15 - scraper - INFO - Successfully parsed 15 valid articles from FLM
2025-06-21 20:03:15 - scraper - INFO - Collecting news from Le Desk...
2025-06-21 20:03:15 - scraper - INFO - Found 6 potential articles from Le Desk
2025-06-21 20:03:30 - scraper - WARNING - Skipping https://ledesk.ma/2025/06/19/vicenne-obtient-le-visa-de-lammc-pour-son-introduction-en-bourse/ - Not a valid article
2025-06-21 20:03:30 - scraper - INFO - Successfully parsed 5 valid articles from Le Desk
2025-06-21 20:03:30 - scraper - INFO - Collecting news from H24Info...
2025-06-21 20:03:31 - scraper - INFO - Found 15 potential articles from H24Info
2025-06-21 20:03:47 - scraper - WARNING - Skipping https://h24info.ma/economie/we-finance-code-bam-la-berd-et-ifc-unis-pour-lentrepreneuriat-feminin-au-maroc/ - Not a valid article
2025-06-21 20:03:55 - scraper - WARNING - Skipping http://h24info.ma/economie/?PageSpeed=noscript - Not a valid article
2025-06-21 20:04:09 - scraper - INFO - Successfully parsed 13 valid articles from H24Info
2025-06-21 20:04:09 - scraper - INFO - Collecting news from Le Matin...
2025-06-21 20:04:10 - scraper - INFO - Found 20 potential articles from Le Matin
2025-06-21 20:04:15 - scraper - WARNING - Skipping https://lematin.ma/economie/lancement-officiel-du-women-entrepreneurs-finance-code-au-maroc/286515 - Not a valid article
2025-06-21 20:04:43 - scraper - WARNING - Skipping https://lematin.ma/economie/le-maroc-bien-positionne-pour-capter-les-financements-de-la-bid/286723 - Not a valid article
2025-06-21 20:04:46 - scraper - WARNING - Skipping https://lematin.ma/economie/vicenne-vise-700-millions-de-dirhams-de-projets-apres-son-ipo-en-bourse/286506 - Not a valid article
2025-06-21 20:05:05 - scraper - INFO - Successfully parsed 17 valid articles from Le Matin
2025-06-21 20:05:05 - scraper - INFO - Collecting news from Medias24...
2025-06-21 20:05:05 - scraper - INFO - Found 13 potential articles from Medias24
2025-06-21 20:05:12 - scraper - WARNING - Skipping https://medias24.com/2025/06/18/ventes-de-ciment-en-forte-reprise-grands-chantiers-sportifs-le-secteur-de-la-construction-retrouve-un-cycle-porteur-en-bourse/ - Not a valid article
2025-06-21 20:05:16 - scraper - WARNING - Skipping https://medias24.com/categorie/economie/ - Not a valid article
2025-06-21 20:05:20 - scraper - WARNING - Skipping https://medias24.com/2025/06/19/vicenne-visa-ammc-introduction-en-bourse/ - Not a valid article
2025-06-21 20:05:40 - scraper - INFO - Successfully parsed 10 valid articles from Medias24
2025-06-21 20:05:40 - scraper - INFO - Collecting news from Finance News - Financial...
2025-06-21 20:05:41 - scraper - INFO - Found 10 potential articles from Finance News - Financial
2025-06-21 20:05:51 - scraper - WARNING - Skipping https://fnh.ma/article/actualite-financiere-maroc/saham-bank-societe-generale - Not a valid article
2025-06-21 20:05:56 - scraper - WARNING - Skipping https://fnh.ma/article/actualite-financiere-maroc/mnes-cotees-bourse-casablanca - Not a valid article
2025-06-21 20:06:12 - scraper - WARNING - Skipping https://fnh.ma/article/actualite-financiere-maroc/zoom-vicenne-bourse-de-casablanca - Not a valid article
2025-06-21 20:06:16 - scraper - WARNING - Skipping https://fnh.ma/article/actualite-financiere-maroc/bourse-casablanca-2025 - Not a valid article
2025-06-21 20:06:45 - scraper - INFO - Successfully parsed 6 valid articles from Finance News - Financial
2025-06-21 20:06:45 - scraper - INFO - Collecting news from Finance News - Economic...
2025-06-21 20:06:45 - scraper - INFO - Found 10 potential articles from Finance News - Economic
2025-06-21 20:07:48 - scraper - INFO - Successfully parsed 10 valid articles from Finance News - Economic
2025-06-21 20:07:48 - scraper - INFO - Added 3 new articles to /Users/mac/Desktop/Moroccan_Financial_News_Analysis_System/try4_cl/data/raw/moroccan_financial_news.csv
2025-06-22 12:00:02 - scraper - INFO - Collecting news from Boursenews...
2025-06-22 12:00:09 - scraper - INFO - Found 20 potential articles from Boursenews
2025-06-22 12:00:22 - scraper - WARNING - Skipping https://boursenews.ma/article/actualite/bourses-europe-tensions-moyen-orient - Not a valid article
2025-06-22 12:00:24 - scraper - WARNING - Skipping https://boursenews.ma/article/marches/portefeuille-boursenews-investisseur - Not a valid article
2025-06-22 12:00:42 - scraper - WARNING - Skipping https://boursenews.ma/articles/marches/3 - Not a valid article
2025-06-22 12:00:57 - scraper - WARNING - Skipping https://boursenews.ma/article/actualite/Protection-sociale-au-Maroc-nouveau-soutien-de-250-M%24-de-la-Banque-mondiale - Not a valid article
2025-06-22 12:01:04 - scraper - WARNING - Skipping https://boursenews.ma/articles/marches/4 - Not a valid article
2025-06-22 12:01:12 - scraper - WARNING - Skipping https://boursenews.ma/article/marches/feuille-de-marche - Not a valid article
2025-06-22 12:01:15 - scraper - WARNING - Skipping https://boursenews.ma/articles/marches/2 - Not a valid article
2025-06-22 12:01:15 - scraper - INFO - Successfully parsed 13 valid articles from Boursenews
2025-06-22 12:01:15 - scraper - INFO - Collecting news from FLM...
2025-06-22 12:01:16 - scraper - INFO - Found 98 potential articles on FLM
2025-06-22 12:01:16 - scraper - INFO - Found 20 potential articles from FLM
2025-06-22 12:01:46 - scraper - WARNING - Skipping https://flm.ma/news.php?id=54779 - Not a valid article
2025-06-22 12:01:49 - scraper - WARNING - Skipping https://flm.ma/article.php?id=12501 - Not a valid article
2025-06-22 12:01:58 - scraper - WARNING - Skipping https://flm.ma/article.php?id=12494 - Not a valid article
2025-06-22 12:02:06 - scraper - WARNING - Skipping https://flm.ma/article.php?id=12485 - Not a valid article
2025-06-22 12:02:15 - scraper - WARNING - Skipping https://flm.ma/article.php?id=12477 - Not a valid article
2025-06-22 12:02:15 - scraper - INFO - Successfully parsed 15 valid articles from FLM
2025-06-22 12:02:15 - scraper - INFO - Collecting news from Le Desk...
2025-06-22 12:02:16 - scraper - INFO - Found 5 potential articles from Le Desk
2025-06-22 12:02:26 - scraper - INFO - Successfully parsed 5 valid articles from Le Desk
2025-06-22 12:02:26 - scraper - INFO - Collecting news from H24Info...
2025-06-22 12:02:27 - scraper - INFO - Found 15 potential articles from H24Info
2025-06-22 12:02:39 - scraper - WARNING - Skipping https://h24info.ma/economie/we-finance-code-bam-la-berd-et-ifc-unis-pour-lentrepreneuriat-feminin-au-maroc/ - Not a valid article
2025-06-22 12:03:00 - scraper - WARNING - Skipping http://h24info.ma/economie/?PageSpeed=noscript - Not a valid article
2025-06-22 12:03:03 - scraper - INFO - Successfully parsed 13 valid articles from H24Info
2025-06-22 12:03:03 - scraper - INFO - Collecting news from Le Matin...
2025-06-22 12:03:04 - scraper - INFO - Found 20 potential articles from Le Matin
2025-06-22 12:03:06 - scraper - WARNING - Skipping https://lematin.ma/economie/vicenne-vise-700-millions-de-dirhams-de-projets-apres-son-ipo-en-bourse/286506 - Not a valid article
2025-06-22 12:03:17 - scraper - WARNING - Skipping https://lematin.ma/economie/ryad-mezzour-financera-les-projets-des-chambres-dindustrie-et-de-commerce/286893 - Not a valid article
2025-06-22 12:03:33 - scraper - WARNING - Skipping https://lematin.ma/economie/le-maroc-bien-positionne-pour-capter-les-financements-de-la-bid/286723 - Not a valid article
2025-06-22 12:03:34 - scraper - WARNING - Skipping https://lematin.ma/economie/lancement-officiel-du-women-entrepreneurs-finance-code-au-maroc/286515 - Not a valid article
2025-06-22 12:03:57 - scraper - INFO - Successfully parsed 16 valid articles from Le Matin
2025-06-22 12:03:57 - scraper - INFO - Collecting news from Medias24...
2025-06-22 12:03:58 - scraper - INFO - Found 13 potential articles from Medias24
2025-06-22 12:04:09 - scraper - WARNING - Skipping https://medias24.com/categorie/economie/ - Not a valid article
2025-06-22 12:04:26 - scraper - WARNING - Skipping https://medias24.com/2025/06/19/vicenne-visa-ammc-introduction-en-bourse/ - Not a valid article
2025-06-22 12:04:29 - scraper - WARNING - Skipping https://medias24.com/2025/06/18/ventes-de-ciment-en-forte-reprise-grands-chantiers-sportifs-le-secteur-de-la-construction-retrouve-un-cycle-porteur-en-bourse/ - Not a valid article
2025-06-22 12:04:31 - scraper - INFO - Successfully parsed 10 valid articles from Medias24
2025-06-22 12:04:31 - scraper - INFO - Collecting news from Finance News - Financial...
2025-06-22 12:04:33 - scraper - INFO - Found 10 potential articles from Finance News - Financial
2025-06-22 12:04:45 - scraper - WARNING - Skipping https://fnh.ma/article/actualite-financiere-maroc/mnes-cotees-bourse-casablanca - Not a valid article
2025-06-22 12:04:58 - scraper - WARNING - Skipping https://fnh.ma/article/actualite-financiere-maroc/zoom-vicenne-bourse-de-casablanca - Not a valid article
2025-06-22 12:05:07 - scraper - WARNING - Skipping https://fnh.ma/article/actualite-financiere-maroc/bourse-casablanca-2025 - Not a valid article
2025-06-22 12:05:15 - scraper - WARNING - Skipping https://fnh.ma/article/actualite-financiere-maroc/saham-bank-societe-generale - Not a valid article
2025-06-22 12:05:15 - scraper - INFO - Successfully parsed 6 valid articles from Finance News - Financial
2025-06-22 12:05:15 - scraper - INFO - Collecting news from Finance News - Economic...
2025-06-22 12:05:16 - scraper - INFO - Found 10 potential articles from Finance News - Economic
2025-06-22 12:06:04 - scraper - INFO - Successfully parsed 10 valid articles from Finance News - Economic
2025-06-22 12:06:05 - scraper - INFO - Added 3 new articles to /Users/mac/Desktop/Moroccan_Financial_News_Analysis_System/try4_cl/data/raw/moroccan_financial_news.csv
2025-06-22 16:00:04 - scraper - INFO - Collecting news from Boursenews...
2025-06-22 16:00:19 - scraper - WARNING - Attempt 1/3 failed for https://boursenews.ma/articles/marches: HTTPSConnectionPool(host='boursenews.ma', port=443): Max retries exceeded with url: /articles/marches (Caused by ConnectTimeoutError(<urllib3.connection.HTTPSConnection object at 0x10670bb10>, 'Connection to boursenews.ma timed out. (connect timeout=15)'))
2025-06-22 16:00:19 - scraper - INFO - Retrying in 29.93 seconds...
2025-06-22 16:01:11 - scraper - WARNING - Attempt 2/3 failed for https://boursenews.ma/articles/marches: HTTPSConnectionPool(host='boursenews.ma', port=443): Max retries exceeded with url: /articles/marches (Caused by ConnectTimeoutError(<urllib3.connection.HTTPSConnection object at 0x10ffb9210>, 'Connection to boursenews.ma timed out. (connect timeout=22.5)'))
2025-06-22 16:01:11 - scraper - INFO - Retrying in 35.17 seconds...
2025-06-22 16:02:20 - scraper - WARNING - Attempt 3/3 failed for https://boursenews.ma/articles/marches: HTTPSConnectionPool(host='boursenews.ma', port=443): Max retries exceeded with url: /articles/marches (Caused by ConnectTimeoutError(<urllib3.connection.HTTPSConnection object at 0x10ffbb350>, 'Connection to boursenews.ma timed out. (connect timeout=33.75)'))
2025-06-22 16:02:20 - scraper - ERROR - All retries failed for https://boursenews.ma/articles/marches
2025-06-22 16:02:20 - scraper - INFO - Found 0 potential articles from Boursenews
2025-06-22 16:02:20 - scraper - INFO - Successfully parsed 0 valid articles from Boursenews
2025-06-22 16:02:20 - scraper - INFO - Collecting news from FLM...
2025-06-22 16:02:21 - scraper - INFO - Found 98 potential articles on FLM
2025-06-22 16:02:21 - scraper - INFO - Found 20 potential articles from FLM
2025-06-22 16:02:48 - scraper - WARNING - Skipping https://flm.ma/news.php?id=54779 - Not a valid article
2025-06-22 16:02:51 - scraper - WARNING - Skipping https://flm.ma/article.php?id=12505 - Not a valid article
2025-06-22 16:02:54 - scraper - WARNING - Skipping https://flm.ma/article.php?id=12501 - Not a valid article
2025-06-22 16:03:01 - scraper - WARNING - Skipping https://flm.ma/article.php?id=12494 - Not a valid article
2025-06-22 16:03:10 - scraper - WARNING - Skipping https://flm.ma/article.php?id=12485 - Not a valid article
2025-06-22 16:03:15 - scraper - INFO - Successfully parsed 15 valid articles from FLM
2025-06-22 16:03:15 - scraper - INFO - Collecting news from Le Desk...
2025-06-22 16:03:16 - scraper - INFO - Found 1 potential articles from Le Desk
2025-06-22 16:03:18 - scraper - INFO - Successfully parsed 1 valid articles from Le Desk
2025-06-22 16:03:18 - scraper - INFO - Collecting news from H24Info...
2025-06-22 16:03:19 - scraper - INFO - Found 15 potential articles from H24Info
2025-06-22 16:03:36 - scraper - WARNING - Skipping http://h24info.ma/economie/?PageSpeed=noscript - Not a valid article
2025-06-22 16:03:38 - scraper - WARNING - Skipping https://h24info.ma/economie/we-finance-code-bam-la-berd-et-ifc-unis-pour-lentrepreneuriat-feminin-au-maroc/ - Not a valid article
2025-06-22 16:03:59 - scraper - INFO - Successfully parsed 13 valid articles from H24Info
2025-06-22 16:03:59 - scraper - INFO - Collecting news from Le Matin...
2025-06-22 16:03:59 - scraper - INFO - Found 20 potential articles from Le Matin
2025-06-22 16:04:07 - scraper - WARNING - Skipping https://lematin.ma/economie/ryad-mezzour-financera-les-projets-des-chambres-dindustrie-et-de-commerce/286893 - Not a valid article
2025-06-22 16:04:10 - scraper - WARNING - Skipping https://lematin.ma/economie/vicenne-vise-700-millions-de-dirhams-de-projets-apres-son-ipo-en-bourse/286506 - Not a valid article
2025-06-22 16:04:20 - scraper - WARNING - Skipping https://lematin.ma/economie/le-maroc-bien-positionne-pour-capter-les-financements-de-la-bid/286723 - Not a valid article
2025-06-22 16:04:34 - scraper - WARNING - Skipping https://lematin.ma/economie/lancement-officiel-du-women-entrepreneurs-finance-code-au-maroc/286515 - Not a valid article
2025-06-22 16:04:50 - scraper - INFO - Successfully parsed 16 valid articles from Le Matin
2025-06-22 16:04:50 - scraper - INFO - Collecting news from Medias24...
2025-06-22 16:04:51 - scraper - INFO - Found 13 potential articles from Medias24
2025-06-22 16:05:10 - scraper - WARNING - Skipping https://medias24.com/2025/06/19/vicenne-visa-ammc-introduction-en-bourse/ - Not a valid article
2025-06-22 16:05:24 - scraper - WARNING - Skipping https://medias24.com/2025/06/18/ventes-de-ciment-en-forte-reprise-grands-chantiers-sportifs-le-secteur-de-la-construction-retrouve-un-cycle-porteur-en-bourse/ - Not a valid article
2025-06-22 16:05:26 - scraper - WARNING - Skipping https://medias24.com/categorie/economie/ - Not a valid article
2025-06-22 16:05:26 - scraper - INFO - Successfully parsed 10 valid articles from Medias24
2025-06-22 16:05:26 - scraper - INFO - Collecting news from Finance News - Financial...
2025-06-22 16:21:11 - scraper - WARNING - Attempt 1/4 failed for https://fnh.ma/articles/actualite-financiere-maroc: HTTPSConnectionPool(host='fnh.ma', port=443): Max retries exceeded with url: /articles/actualite-financiere-maroc (Caused by ConnectTimeoutError(<urllib3.connection.HTTPSConnection object at 0x128396710>, 'Connection to fnh.ma timed out. (connect timeout=15)'))
2025-06-22 16:21:11 - scraper - INFO - Retrying in 24.73 seconds...
2025-06-22 16:21:36 - scraper - WARNING - Attempt 2/4 failed for https://fnh.ma/articles/actualite-financiere-maroc: HTTPSConnectionPool(host='fnh.ma', port=443): Max retries exceeded with url: /articles/actualite-financiere-maroc (Caused by NameResolutionError("<urllib3.connection.HTTPSConnection object at 0x128394b90>: Failed to resolve 'fnh.ma' ([Errno 8] nodename nor servname provided, or not known)"))
2025-06-22 16:21:36 - scraper - INFO - Retrying in 41.27 seconds...
2025-06-22 16:39:24 - scraper - WARNING - Attempt 3/4 failed for https://fnh.ma/articles/actualite-financiere-maroc: HTTPSConnectionPool(host='fnh.ma', port=443): Max retries exceeded with url: /articles/actualite-financiere-maroc (Caused by ConnectTimeoutError(<urllib3.connection.HTTPSConnection object at 0x128310490>, 'Connection to fnh.ma timed out. (connect timeout=33.75)'))
2025-06-22 16:39:24 - scraper - INFO - Retrying in 66.74 seconds...
2025-06-22 16:44:58 - scraper - WARNING - Attempt 4/4 failed for https://fnh.ma/articles/actualite-financiere-maroc: HTTPSConnectionPool(host='fnh.ma', port=443): Max retries exceeded with url: /articles/actualite-financiere-maroc (Caused by ConnectTimeoutError(<urllib3.connection.HTTPSConnection object at 0x128311f50>, 'Connection to fnh.ma timed out. (connect timeout=45)'))
2025-06-22 16:44:58 - scraper - ERROR - All retries failed for https://fnh.ma/articles/actualite-financiere-maroc
2025-06-22 16:44:58 - scraper - INFO - Found 0 potential articles from Finance News - Financial
2025-06-22 16:44:58 - scraper - INFO - Successfully parsed 0 valid articles from Finance News - Financial
2025-06-22 16:44:58 - scraper - INFO - Collecting news from Finance News - Economic...
2025-06-22 16:45:13 - scraper - WARNING - Attempt 1/4 failed for https://fnh.ma/articles/actualite-economique: HTTPSConnectionPool(host='fnh.ma', port=443): Max retries exceeded with url: /articles/actualite-economique (Caused by ConnectTimeoutError(<urllib3.connection.HTTPSConnection object at 0x128313b10>, 'Connection to fnh.ma timed out. (connect timeout=15)'))
2025-06-22 16:45:13 - scraper - INFO - Retrying in 29.45 seconds...
2025-06-22 16:46:05 - scraper - WARNING - Attempt 2/4 failed for https://fnh.ma/articles/actualite-economique: HTTPSConnectionPool(host='fnh.ma', port=443): Max retries exceeded with url: /articles/actualite-economique (Caused by ConnectTimeoutError(<urllib3.connection.HTTPSConnection object at 0x128379550>, 'Connection to fnh.ma timed out. (connect timeout=22.5)'))
2025-06-22 16:46:05 - scraper - INFO - Retrying in 40.03 seconds...
2025-06-22 16:47:19 - scraper - WARNING - Attempt 3/4 failed for https://fnh.ma/articles/actualite-economique: HTTPSConnectionPool(host='fnh.ma', port=443): Max retries exceeded with url: /articles/actualite-economique (Caused by ConnectTimeoutError(<urllib3.connection.HTTPSConnection object at 0x128312e10>, 'Connection to fnh.ma timed out. (connect timeout=33.75)'))
2025-06-22 16:47:19 - scraper - INFO - Retrying in 64.49 seconds...
2025-06-22 17:03:39 - scraper - WARNING - Attempt 4/4 failed for https://fnh.ma/articles/actualite-economique: HTTPSConnectionPool(host='fnh.ma', port=443): Max retries exceeded with url: /articles/actualite-economique (Caused by ConnectTimeoutError(<urllib3.connection.HTTPSConnection object at 0x128312950>, 'Connection to fnh.ma timed out. (connect timeout=45)'))
2025-06-22 17:03:39 - scraper - ERROR - All retries failed for https://fnh.ma/articles/actualite-economique
2025-06-22 17:03:39 - scraper - INFO - Found 0 potential articles from Finance News - Economic
2025-06-22 17:03:39 - scraper - INFO - Successfully parsed 0 valid articles from Finance News - Economic
2025-06-22 17:03:39 - scraper - INFO - Added 1 new articles to /Users/mac/Desktop/Moroccan_Financial_News_Analysis_System/try4_cl/data/raw/moroccan_financial_news.csv
