2025-06-22 12:00:02 - scraper - INFO - Collecting news from Boursenews...
2025-06-22 12:00:09 - scraper - INFO - Found 20 potential articles from Boursenews
2025-06-22 12:00:22 - scraper - WARNING - Skipping https://boursenews.ma/article/actualite/bourses-europe-tensions-moyen-orient - Not a valid article
2025-06-22 12:00:24 - scraper - WARNING - Skipping https://boursenews.ma/article/marches/portefeuille-boursenews-investisseur - Not a valid article
2025-06-22 12:00:42 - scraper - WARNING - Skipping https://boursenews.ma/articles/marches/3 - Not a valid article
2025-06-22 12:00:57 - scraper - WARNING - Skipping https://boursenews.ma/article/actualite/Protection-sociale-au-Maroc-nouveau-soutien-de-250-M%24-de-la-Banque-mondiale - Not a valid article
2025-06-22 12:01:04 - scraper - WARNING - Skipping https://boursenews.ma/articles/marches/4 - Not a valid article
2025-06-22 12:01:12 - scraper - WARNING - Skipping https://boursenews.ma/article/marches/feuille-de-marche - Not a valid article
2025-06-22 12:01:15 - scraper - WARNING - Skipping https://boursenews.ma/articles/marches/2 - Not a valid article
2025-06-22 12:01:15 - scraper - INFO - Successfully parsed 13 valid articles from Boursenews
2025-06-22 12:01:15 - scraper - INFO - Collecting news from FLM...
2025-06-22 12:01:16 - scraper - INFO - Found 98 potential articles on FLM
2025-06-22 12:01:16 - scraper - INFO - Found 20 potential articles from FLM
2025-06-22 12:01:46 - scraper - WARNING - Skipping https://flm.ma/news.php?id=54779 - Not a valid article
2025-06-22 12:01:49 - scraper - WARNING - Skipping https://flm.ma/article.php?id=12501 - Not a valid article
2025-06-22 12:01:58 - scraper - WARNING - Skipping https://flm.ma/article.php?id=12494 - Not a valid article
2025-06-22 12:02:06 - scraper - WARNING - Skipping https://flm.ma/article.php?id=12485 - Not a valid article
2025-06-22 12:02:15 - scraper - WARNING - Skipping https://flm.ma/article.php?id=12477 - Not a valid article
2025-06-22 12:02:15 - scraper - INFO - Successfully parsed 15 valid articles from FLM
2025-06-22 12:02:15 - scraper - INFO - Collecting news from Le Desk...
2025-06-22 12:02:16 - scraper - INFO - Found 5 potential articles from Le Desk
2025-06-22 12:02:26 - scraper - INFO - Successfully parsed 5 valid articles from Le Desk
2025-06-22 12:02:26 - scraper - INFO - Collecting news from H24Info...
2025-06-22 12:02:27 - scraper - INFO - Found 15 potential articles from H24Info
2025-06-22 12:02:39 - scraper - WARNING - Skipping https://h24info.ma/economie/we-finance-code-bam-la-berd-et-ifc-unis-pour-lentrepreneuriat-feminin-au-maroc/ - Not a valid article
2025-06-22 12:03:00 - scraper - WARNING - Skipping http://h24info.ma/economie/?PageSpeed=noscript - Not a valid article
2025-06-22 12:03:03 - scraper - INFO - Successfully parsed 13 valid articles from H24Info
2025-06-22 12:03:03 - scraper - INFO - Collecting news from Le Matin...
2025-06-22 12:03:04 - scraper - INFO - Found 20 potential articles from Le Matin
2025-06-22 12:03:06 - scraper - WARNING - Skipping https://lematin.ma/economie/vicenne-vise-700-millions-de-dirhams-de-projets-apres-son-ipo-en-bourse/286506 - Not a valid article
2025-06-22 12:03:17 - scraper - WARNING - Skipping https://lematin.ma/economie/ryad-mezzour-financera-les-projets-des-chambres-dindustrie-et-de-commerce/286893 - Not a valid article
2025-06-22 12:03:33 - scraper - WARNING - Skipping https://lematin.ma/economie/le-maroc-bien-positionne-pour-capter-les-financements-de-la-bid/286723 - Not a valid article
2025-06-22 12:03:34 - scraper - WARNING - Skipping https://lematin.ma/economie/lancement-officiel-du-women-entrepreneurs-finance-code-au-maroc/286515 - Not a valid article
2025-06-22 12:03:57 - scraper - INFO - Successfully parsed 16 valid articles from Le Matin
2025-06-22 12:03:57 - scraper - INFO - Collecting news from Medias24...
2025-06-22 12:03:58 - scraper - INFO - Found 13 potential articles from Medias24
2025-06-22 12:04:09 - scraper - WARNING - Skipping https://medias24.com/categorie/economie/ - Not a valid article
2025-06-22 12:04:26 - scraper - WARNING - Skipping https://medias24.com/2025/06/19/vicenne-visa-ammc-introduction-en-bourse/ - Not a valid article
2025-06-22 12:04:29 - scraper - WARNING - Skipping https://medias24.com/2025/06/18/ventes-de-ciment-en-forte-reprise-grands-chantiers-sportifs-le-secteur-de-la-construction-retrouve-un-cycle-porteur-en-bourse/ - Not a valid article
2025-06-22 12:04:31 - scraper - INFO - Successfully parsed 10 valid articles from Medias24
2025-06-22 12:04:31 - scraper - INFO - Collecting news from Finance News - Financial...
2025-06-22 12:04:33 - scraper - INFO - Found 10 potential articles from Finance News - Financial
2025-06-22 12:04:45 - scraper - WARNING - Skipping https://fnh.ma/article/actualite-financiere-maroc/mnes-cotees-bourse-casablanca - Not a valid article
2025-06-22 12:04:58 - scraper - WARNING - Skipping https://fnh.ma/article/actualite-financiere-maroc/zoom-vicenne-bourse-de-casablanca - Not a valid article
2025-06-22 12:05:07 - scraper - WARNING - Skipping https://fnh.ma/article/actualite-financiere-maroc/bourse-casablanca-2025 - Not a valid article
2025-06-22 12:05:15 - scraper - WARNING - Skipping https://fnh.ma/article/actualite-financiere-maroc/saham-bank-societe-generale - Not a valid article
2025-06-22 12:05:15 - scraper - INFO - Successfully parsed 6 valid articles from Finance News - Financial
2025-06-22 12:05:15 - scraper - INFO - Collecting news from Finance News - Economic...
2025-06-22 12:05:16 - scraper - INFO - Found 10 potential articles from Finance News - Economic
2025-06-22 12:06:04 - scraper - INFO - Successfully parsed 10 valid articles from Finance News - Economic
2025-06-22 12:06:05 - scraper - INFO - Added 3 new articles to /Users/mac/Desktop/Moroccan_Financial_News_Analysis_System/try4_cl/data/raw/moroccan_financial_news.csv
2025-06-22 16:00:04 - scraper - INFO - Collecting news from Boursenews...
2025-06-22 16:00:19 - scraper - WARNING - Attempt 1/3 failed for https://boursenews.ma/articles/marches: HTTPSConnectionPool(host='boursenews.ma', port=443): Max retries exceeded with url: /articles/marches (Caused by ConnectTimeoutError(<urllib3.connection.HTTPSConnection object at 0x10670bb10>, 'Connection to boursenews.ma timed out. (connect timeout=15)'))
2025-06-22 16:00:19 - scraper - INFO - Retrying in 29.93 seconds...
2025-06-22 16:01:11 - scraper - WARNING - Attempt 2/3 failed for https://boursenews.ma/articles/marches: HTTPSConnectionPool(host='boursenews.ma', port=443): Max retries exceeded with url: /articles/marches (Caused by ConnectTimeoutError(<urllib3.connection.HTTPSConnection object at 0x10ffb9210>, 'Connection to boursenews.ma timed out. (connect timeout=22.5)'))
2025-06-22 16:01:11 - scraper - INFO - Retrying in 35.17 seconds...
2025-06-22 16:02:20 - scraper - WARNING - Attempt 3/3 failed for https://boursenews.ma/articles/marches: HTTPSConnectionPool(host='boursenews.ma', port=443): Max retries exceeded with url: /articles/marches (Caused by ConnectTimeoutError(<urllib3.connection.HTTPSConnection object at 0x10ffbb350>, 'Connection to boursenews.ma timed out. (connect timeout=33.75)'))
2025-06-22 16:02:20 - scraper - ERROR - All retries failed for https://boursenews.ma/articles/marches
2025-06-22 16:02:20 - scraper - INFO - Found 0 potential articles from Boursenews
2025-06-22 16:02:20 - scraper - INFO - Successfully parsed 0 valid articles from Boursenews
2025-06-22 16:02:20 - scraper - INFO - Collecting news from FLM...
2025-06-22 16:02:21 - scraper - INFO - Found 98 potential articles on FLM
2025-06-22 16:02:21 - scraper - INFO - Found 20 potential articles from FLM
2025-06-22 16:02:48 - scraper - WARNING - Skipping https://flm.ma/news.php?id=54779 - Not a valid article
2025-06-22 16:02:51 - scraper - WARNING - Skipping https://flm.ma/article.php?id=12505 - Not a valid article
2025-06-22 16:02:54 - scraper - WARNING - Skipping https://flm.ma/article.php?id=12501 - Not a valid article
2025-06-22 16:03:01 - scraper - WARNING - Skipping https://flm.ma/article.php?id=12494 - Not a valid article
2025-06-22 16:03:10 - scraper - WARNING - Skipping https://flm.ma/article.php?id=12485 - Not a valid article
2025-06-22 16:03:15 - scraper - INFO - Successfully parsed 15 valid articles from FLM
2025-06-22 16:03:15 - scraper - INFO - Collecting news from Le Desk...
2025-06-22 16:03:16 - scraper - INFO - Found 1 potential articles from Le Desk
2025-06-22 16:03:18 - scraper - INFO - Successfully parsed 1 valid articles from Le Desk
2025-06-22 16:03:18 - scraper - INFO - Collecting news from H24Info...
2025-06-22 16:03:19 - scraper - INFO - Found 15 potential articles from H24Info
2025-06-22 16:03:36 - scraper - WARNING - Skipping http://h24info.ma/economie/?PageSpeed=noscript - Not a valid article
2025-06-22 16:03:38 - scraper - WARNING - Skipping https://h24info.ma/economie/we-finance-code-bam-la-berd-et-ifc-unis-pour-lentrepreneuriat-feminin-au-maroc/ - Not a valid article
2025-06-22 16:03:59 - scraper - INFO - Successfully parsed 13 valid articles from H24Info
2025-06-22 16:03:59 - scraper - INFO - Collecting news from Le Matin...
2025-06-22 16:03:59 - scraper - INFO - Found 20 potential articles from Le Matin
2025-06-22 16:04:07 - scraper - WARNING - Skipping https://lematin.ma/economie/ryad-mezzour-financera-les-projets-des-chambres-dindustrie-et-de-commerce/286893 - Not a valid article
2025-06-22 16:04:10 - scraper - WARNING - Skipping https://lematin.ma/economie/vicenne-vise-700-millions-de-dirhams-de-projets-apres-son-ipo-en-bourse/286506 - Not a valid article
2025-06-22 16:04:20 - scraper - WARNING - Skipping https://lematin.ma/economie/le-maroc-bien-positionne-pour-capter-les-financements-de-la-bid/286723 - Not a valid article
2025-06-22 16:04:34 - scraper - WARNING - Skipping https://lematin.ma/economie/lancement-officiel-du-women-entrepreneurs-finance-code-au-maroc/286515 - Not a valid article
2025-06-22 16:04:50 - scraper - INFO - Successfully parsed 16 valid articles from Le Matin
2025-06-22 16:04:50 - scraper - INFO - Collecting news from Medias24...
2025-06-22 16:04:51 - scraper - INFO - Found 13 potential articles from Medias24
2025-06-22 16:05:10 - scraper - WARNING - Skipping https://medias24.com/2025/06/19/vicenne-visa-ammc-introduction-en-bourse/ - Not a valid article
2025-06-22 16:05:24 - scraper - WARNING - Skipping https://medias24.com/2025/06/18/ventes-de-ciment-en-forte-reprise-grands-chantiers-sportifs-le-secteur-de-la-construction-retrouve-un-cycle-porteur-en-bourse/ - Not a valid article
2025-06-22 16:05:26 - scraper - WARNING - Skipping https://medias24.com/categorie/economie/ - Not a valid article
2025-06-22 16:05:26 - scraper - INFO - Successfully parsed 10 valid articles from Medias24
2025-06-22 16:05:26 - scraper - INFO - Collecting news from Finance News - Financial...
2025-06-22 16:21:11 - scraper - WARNING - Attempt 1/4 failed for https://fnh.ma/articles/actualite-financiere-maroc: HTTPSConnectionPool(host='fnh.ma', port=443): Max retries exceeded with url: /articles/actualite-financiere-maroc (Caused by ConnectTimeoutError(<urllib3.connection.HTTPSConnection object at 0x128396710>, 'Connection to fnh.ma timed out. (connect timeout=15)'))
2025-06-22 16:21:11 - scraper - INFO - Retrying in 24.73 seconds...
2025-06-22 16:21:36 - scraper - WARNING - Attempt 2/4 failed for https://fnh.ma/articles/actualite-financiere-maroc: HTTPSConnectionPool(host='fnh.ma', port=443): Max retries exceeded with url: /articles/actualite-financiere-maroc (Caused by NameResolutionError("<urllib3.connection.HTTPSConnection object at 0x128394b90>: Failed to resolve 'fnh.ma' ([Errno 8] nodename nor servname provided, or not known)"))
2025-06-22 16:21:36 - scraper - INFO - Retrying in 41.27 seconds...
2025-06-22 16:39:24 - scraper - WARNING - Attempt 3/4 failed for https://fnh.ma/articles/actualite-financiere-maroc: HTTPSConnectionPool(host='fnh.ma', port=443): Max retries exceeded with url: /articles/actualite-financiere-maroc (Caused by ConnectTimeoutError(<urllib3.connection.HTTPSConnection object at 0x128310490>, 'Connection to fnh.ma timed out. (connect timeout=33.75)'))
2025-06-22 16:39:24 - scraper - INFO - Retrying in 66.74 seconds...
2025-06-22 16:44:58 - scraper - WARNING - Attempt 4/4 failed for https://fnh.ma/articles/actualite-financiere-maroc: HTTPSConnectionPool(host='fnh.ma', port=443): Max retries exceeded with url: /articles/actualite-financiere-maroc (Caused by ConnectTimeoutError(<urllib3.connection.HTTPSConnection object at 0x128311f50>, 'Connection to fnh.ma timed out. (connect timeout=45)'))
2025-06-22 16:44:58 - scraper - ERROR - All retries failed for https://fnh.ma/articles/actualite-financiere-maroc
2025-06-22 16:44:58 - scraper - INFO - Found 0 potential articles from Finance News - Financial
2025-06-22 16:44:58 - scraper - INFO - Successfully parsed 0 valid articles from Finance News - Financial
2025-06-22 16:44:58 - scraper - INFO - Collecting news from Finance News - Economic...
2025-06-22 16:45:13 - scraper - WARNING - Attempt 1/4 failed for https://fnh.ma/articles/actualite-economique: HTTPSConnectionPool(host='fnh.ma', port=443): Max retries exceeded with url: /articles/actualite-economique (Caused by ConnectTimeoutError(<urllib3.connection.HTTPSConnection object at 0x128313b10>, 'Connection to fnh.ma timed out. (connect timeout=15)'))
2025-06-22 16:45:13 - scraper - INFO - Retrying in 29.45 seconds...
2025-06-22 16:46:05 - scraper - WARNING - Attempt 2/4 failed for https://fnh.ma/articles/actualite-economique: HTTPSConnectionPool(host='fnh.ma', port=443): Max retries exceeded with url: /articles/actualite-economique (Caused by ConnectTimeoutError(<urllib3.connection.HTTPSConnection object at 0x128379550>, 'Connection to fnh.ma timed out. (connect timeout=22.5)'))
2025-06-22 16:46:05 - scraper - INFO - Retrying in 40.03 seconds...
2025-06-22 16:47:19 - scraper - WARNING - Attempt 3/4 failed for https://fnh.ma/articles/actualite-economique: HTTPSConnectionPool(host='fnh.ma', port=443): Max retries exceeded with url: /articles/actualite-economique (Caused by ConnectTimeoutError(<urllib3.connection.HTTPSConnection object at 0x128312e10>, 'Connection to fnh.ma timed out. (connect timeout=33.75)'))
2025-06-22 16:47:19 - scraper - INFO - Retrying in 64.49 seconds...
2025-06-22 17:03:39 - scraper - WARNING - Attempt 4/4 failed for https://fnh.ma/articles/actualite-economique: HTTPSConnectionPool(host='fnh.ma', port=443): Max retries exceeded with url: /articles/actualite-economique (Caused by ConnectTimeoutError(<urllib3.connection.HTTPSConnection object at 0x128312950>, 'Connection to fnh.ma timed out. (connect timeout=45)'))
2025-06-22 17:03:39 - scraper - ERROR - All retries failed for https://fnh.ma/articles/actualite-economique
2025-06-22 17:03:39 - scraper - INFO - Found 0 potential articles from Finance News - Economic
2025-06-22 17:03:39 - scraper - INFO - Successfully parsed 0 valid articles from Finance News - Economic
2025-06-22 17:03:39 - scraper - INFO - Added 1 new articles to /Users/mac/Desktop/Moroccan_Financial_News_Analysis_System/try4_cl/data/raw/moroccan_financial_news.csv
