2025-06-23 12:25:16 - ultra_precise_financial_scraper - INFO - Collecting financial news from Boursenews...
2025-06-23 12:25:22 - ultra_precise_financial_scraper - INFO - Found 15 potential financial articles from Boursenews
2025-06-23 12:25:32 - ultra_precise_financial_scraper - WARNING - Skipping https://boursenews.ma/article/marches/feuille-de-marche - Not a valid article
2025-06-23 12:25:37 - ultra_precise_financial_scraper - WARNING - Skipping https://boursenews.ma/article/actualite/Protection-sociale-au-Maroc-nouveau-soutien-de-250-M%24-de-la-Banque-mondiale - Not a valid article
2025-06-23 12:25:42 - ultra_precise_financial_scraper - WARNING - Skipping https://boursenews.ma/article/actualite/bourses-europe-tensions-moyen-orient - Not a valid article
2025-06-23 12:26:02 - ultra_precise_financial_scraper - WARNING - Skipping https://boursenews.ma/articles/marches/5 - Not a valid article
2025-06-23 12:26:08 - ultra_precise_financial_scraper - INFO - Successfully parsed 11 valid financial articles from Boursenews (rejected 4)
2025-06-23 12:26:08 - ultra_precise_financial_scraper - INFO - Collecting financial news from FLM...
2025-06-23 12:26:09 - ultra_precise_financial_scraper - INFO - Found 15 potential financial articles from FLM
2025-06-23 12:26:12 - ultra_precise_financial_scraper - WARNING - Skipping https://flm.ma/news.php?id=54788 - Not a financial article
2025-06-23 12:26:16 - ultra_precise_financial_scraper - WARNING - Skipping https://flm.ma/news.php?id=54757 - Not a financial article
2025-06-23 12:26:21 - ultra_precise_financial_scraper - WARNING - Skipping https://flm.ma/article.php?id=12494 - Not a valid article
2025-06-23 12:26:24 - ultra_precise_financial_scraper - WARNING - Skipping https://flm.ma/video.php?id=721 - Not a valid article
2025-06-23 12:26:27 - ultra_precise_financial_scraper - WARNING - Skipping https://flm.ma/sondage.php?id=977&score=61&tsondage=Sondage 487  - Not a valid article
2025-06-23 12:26:31 - ultra_precise_financial_scraper - WARNING - Skipping https://flm.ma/article.php?id=12473 - Not a financial article
2025-06-23 12:26:33 - ultra_precise_financial_scraper - WARNING - Skipping https://flm.ma/article.php?id=12482 - Not a financial article
2025-06-23 12:26:36 - ultra_precise_financial_scraper - WARNING - Skipping https://flm.ma/news.php?id=54752 - Not a financial article
2025-06-23 12:26:40 - ultra_precise_financial_scraper - WARNING - Skipping https://flm.ma/news.php?id=46603 - Not a valid article
2025-06-23 12:26:44 - ultra_precise_financial_scraper - WARNING - Skipping https://flm.ma/news.php?id=47410 - Not a financial article
2025-06-23 12:26:47 - ultra_precise_financial_scraper - WARNING - Skipping https://flm.ma/news.php?id=54769 - Not a financial article
2025-06-23 12:26:49 - ultra_precise_financial_scraper - WARNING - Skipping https://flm.ma/news.php?id=54756 - Not a financial article
2025-06-23 12:26:53 - ultra_precise_financial_scraper - WARNING - Skipping https://flm.ma/video.php?id=727 - Not a valid article
2025-06-23 12:26:53 - ultra_precise_financial_scraper - INFO - Successfully parsed 2 valid financial articles from FLM (rejected 13)
2025-06-23 12:26:53 - ultra_precise_financial_scraper - INFO - Collecting financial news from Le Desk...
2025-06-23 12:26:53 - ultra_precise_financial_scraper - INFO - Found 1 potential financial articles from Le Desk
2025-06-23 12:26:56 - ultra_precise_financial_scraper - INFO - Successfully parsed 1 valid financial articles from Le Desk (rejected 0)
2025-06-23 12:26:56 - ultra_precise_financial_scraper - INFO - Collecting financial news from H24Info...
2025-06-23 12:26:56 - ultra_precise_financial_scraper - INFO - Found 0 potential financial articles from H24Info
2025-06-23 12:26:56 - ultra_precise_financial_scraper - INFO - Successfully parsed 0 valid financial articles from H24Info (rejected 0)
2025-06-23 12:26:56 - ultra_precise_financial_scraper - INFO - Collecting financial news from Le Matin...
2025-06-23 12:26:57 - ultra_precise_financial_scraper - INFO - Found 15 potential financial articles from Le Matin
2025-06-23 12:27:00 - ultra_precise_financial_scraper - WARNING - Skipping https://lematin.ma/economie/le-maroc-bien-positionne-pour-capter-les-financements-de-la-bid/286723 - Not a valid article
2025-06-23 12:27:13 - ultra_precise_financial_scraper - WARNING - Skipping https://lematin.ma/economie/ryad-mezzour-financera-les-projets-des-chambres-dindustrie-et-de-commerce/286893 - Not a valid article
2025-06-23 12:27:31 - ultra_precise_financial_scraper - WARNING - Skipping https://lematin.ma/economie/taghazout-bay-se-developpe-et-devoile-sa-programmation-pour-lete-2025/286858 - Not a financial article
2025-06-23 12:27:31 - ultra_precise_financial_scraper - INFO - Successfully parsed 12 valid financial articles from Le Matin (rejected 3)
2025-06-23 12:27:31 - ultra_precise_financial_scraper - INFO - Collecting financial news from Medias24...
2025-06-23 12:27:32 - ultra_precise_financial_scraper - INFO - Found 15 potential financial articles from Medias24
2025-06-23 12:27:36 - ultra_precise_financial_scraper - WARNING - Skipping https://medias24.com/2025/06/19/reconstitution-du-cheptel-nouveau-recensement-identification-criteres-deligibilite-ce-que-prevoit-la-circulaire-2-2/ - Not a financial article
2025-06-23 12:27:40 - ultra_precise_financial_scraper - WARNING - Skipping https://medias24.com/2025/06/23/drogues-929-kg-de-cocaine-interceptes-a-el-guergarat/ - Not a financial article
2025-06-23 12:27:44 - ultra_precise_financial_scraper - WARNING - Skipping https://medias24.com/2025/06/20/service-militaire-2025-le-23-juin-dernier-delai-pour-remplir-le-formulaire-de-recensement/ - Not a financial article
2025-06-23 12:27:46 - ultra_precise_financial_scraper - WARNING - Skipping https://medias24.com/2025/06/20/un-nouveau-parking-de-142-places-ouvre-ses-portes-a-rabat/ - Not a financial article
2025-06-23 12:27:49 - ultra_precise_financial_scraper - WARNING - Skipping https://medias24.com/2025/06/20/le-compte-rendu-du-conseil-de-gouvernement-du-19-juin-2025/ - Not a financial article
2025-06-23 12:27:57 - ultra_precise_financial_scraper - WARNING - Skipping https://medias24.com/2025/06/19/reconstitution-du-cheptel-ce-que-prevoit-la-circulaire-sur-le-dispositif-de-gouvernance-1-2/ - Not a financial article
2025-06-23 12:28:04 - ultra_precise_financial_scraper - WARNING - Skipping https://medias24.com/2025/06/20/incendie-dans-la-foret-ouadras-a-ain-lahcen-tetouan-15-hectares-ravages/ - Not a financial article
2025-06-23 12:30:26 - ultra_precise_financial_scraper - ERROR - Error parsing article https://medias24.com/2025/06/20/taux-dinflation-en-mai-2025-04/: Article `download()` failed with HTTPSConnectionPool(host='medias24.com', port=443): Max retries exceeded with url: /2025/06/20/taux-dinflation-en-mai-2025-04/ (Caused by NameResolutionError("<urllib3.connection.HTTPSConnection object at 0x1606cee10>: Failed to resolve 'medias24.com' ([Errno 8] nodename nor servname provided, or not known)")) on URL https://medias24.com/2025/06/20/taux-dinflation-en-mai-2025-04/
2025-06-23 12:30:26 - ultra_precise_financial_scraper - INFO - Successfully parsed 7 valid financial articles from Medias24 (rejected 8)
2025-06-23 12:30:26 - ultra_precise_financial_scraper - INFO - Collecting financial news from Finance News - Financial...
2025-06-23 12:30:26 - ultra_precise_financial_scraper - WARNING - Attempt 1/3 failed for https://fnh.ma/articles/actualite-financiere-maroc: HTTPSConnectionPool(host='fnh.ma', port=443): Max retries exceeded with url: /articles/actualite-financiere-maroc (Caused by NameResolutionError("<urllib3.connection.HTTPSConnection object at 0x13ffa71d0>: Failed to resolve 'fnh.ma' ([Errno 8] nodename nor servname provided, or not known)"))
2025-06-23 12:30:26 - ultra_precise_financial_scraper - INFO - Retrying in 27.93 seconds...
2025-06-23 12:30:55 - ultra_precise_financial_scraper - INFO - Found 15 potential financial articles from Finance News - Financial
2025-06-23 12:30:58 - ultra_precise_financial_scraper - WARNING - Skipping https://fnh.ma/articles/actualite-financiere-maroc/5 - Not a valid article
2025-06-23 12:31:01 - ultra_precise_financial_scraper - WARNING - Skipping https://fnh.ma/article/actualite-financiere-maroc/bourse-casablanca-2025 - Not a valid article
2025-06-23 12:31:07 - ultra_precise_financial_scraper - WARNING - Skipping https://fnh.ma/articles/actualite-financiere-maroc/464 - Not a valid article
2025-06-23 12:31:11 - ultra_precise_financial_scraper - WARNING - Skipping https://fnh.ma/article/actualite-financiere-maroc/saham-bank-societe-generale - Not a valid article
2025-06-23 12:31:14 - ultra_precise_financial_scraper - WARNING - Skipping https://fnh.ma/articles/actualite-financiere-maroc/4 - Not a valid article
2025-06-23 12:31:18 - ultra_precise_financial_scraper - WARNING - Skipping https://fnh.ma/article/actualite-financiere-maroc/mnes-cotees-bourse-casablanca - Not a valid article
2025-06-23 12:31:21 - ultra_precise_financial_scraper - WARNING - Skipping https://fnh.ma/articles/actualite-financiere-maroc - Not a valid article
2025-06-23 12:31:31 - ultra_precise_financial_scraper - WARNING - Skipping https://fnh.ma/articles/actualite-financiere-maroc/2 - Not a valid article
2025-06-23 12:31:43 - ultra_precise_financial_scraper - WARNING - Skipping https://fnh.ma/article/actualite-financiere-maroc/zoom-vicenne-bourse-de-casablanca - Not a valid article
2025-06-23 12:31:58 - ultra_precise_financial_scraper - WARNING - Skipping https://fnh.ma/article/actualite-financiere-maroc/chantier-protection-sociale-maroc-beneficiaires - Not a financial article
2025-06-23 12:31:58 - ultra_precise_financial_scraper - INFO - Successfully parsed 5 valid financial articles from Finance News - Financial (rejected 10)
2025-06-23 12:31:58 - ultra_precise_financial_scraper - INFO - Collecting financial news from Finance News - Economic...
2025-06-23 12:31:59 - ultra_precise_financial_scraper - INFO - Found 15 potential financial articles from Finance News - Economic
2025-06-23 12:32:01 - ultra_precise_financial_scraper - WARNING - Skipping https://fnh.ma/articles/actualite-economique/1036 - Not a valid article
2025-06-23 12:32:26 - ultra_precise_financial_scraper - WARNING - Skipping https://fnh.ma/article/actualite-economique/maroc-telecom-gouvernance-changement - Not a financial article
2025-06-23 12:32:33 - ultra_precise_financial_scraper - WARNING - Skipping https://fnh.ma/articles/actualite-economique/4 - Not a valid article
2025-06-23 12:32:37 - ultra_precise_financial_scraper - WARNING - Skipping https://fnh.ma/article/actualite-economique/akdital-rabat-etablissement-sante-maroc - Not a financial article
2025-06-23 12:32:45 - ultra_precise_financial_scraper - WARNING - Skipping https://fnh.ma/article/actualite-economique/bouees-sauvetage-teleguidees-maroc - Not a financial article
2025-06-23 12:32:47 - ultra_precise_financial_scraper - WARNING - Skipping https://fnh.ma/articles/actualite-economique/3 - Not a valid article
2025-06-23 12:32:53 - ultra_precise_financial_scraper - WARNING - Skipping https://fnh.ma/articles/actualite-economique/5 - Not a valid article
2025-06-23 12:33:04 - ultra_precise_financial_scraper - WARNING - Skipping https://fnh.ma/articles/actualite-economique/2 - Not a valid article
2025-06-23 12:33:07 - ultra_precise_financial_scraper - WARNING - Skipping https://fnh.ma/articles/actualite-economique - Not a valid article
2025-06-23 12:33:15 - ultra_precise_financial_scraper - WARNING - Skipping https://fnh.ma/article/actualite-economique/global-peace-index-2025 - Not a financial article
2025-06-23 12:33:19 - ultra_precise_financial_scraper - INFO - Successfully parsed 5 valid financial articles from Finance News - Economic (rejected 10)
2025-06-23 12:33:19 - ultra_precise_financial_scraper - INFO - Added 15 new financial articles to /Users/mac/Desktop/Moroccan_Financial_News_Analysis_System/data/raw/moroccan_financial_news.csv
2025-06-23 14:16:20 - ultra_precise_financial_scraper - INFO - Collecting financial news from Boursenews...
2025-06-23 14:16:21 - ultra_precise_financial_scraper - INFO - Found 15 potential financial articles from Boursenews
2025-06-23 14:16:32 - ultra_precise_financial_scraper - WARNING - Skipping https://boursenews.ma/articles/marches/3 - Not a valid article
2025-06-23 14:16:37 - ultra_precise_financial_scraper - WARNING - Skipping https://boursenews.ma/article/actualite/bourses-europe-tensions-moyen-orient - Not a valid article
2025-06-23 14:16:43 - ultra_precise_financial_scraper - WARNING - Skipping https://boursenews.ma/articles/marches/5 - Not a valid article
2025-06-23 14:16:50 - ultra_precise_financial_scraper - WARNING - Skipping https://boursenews.ma/article/marches/Le-faible-usage-angalais-bourse - Not a valid article
2025-06-23 14:17:03 - ultra_precise_financial_scraper - WARNING - Skipping https://boursenews.ma/article/marches/portefeuille-boursenews-investisseur - Not a valid article
2025-06-23 14:17:12 - ultra_precise_financial_scraper - INFO - Successfully parsed 10 valid financial articles from Boursenews (rejected 5)
2025-06-23 14:17:12 - ultra_precise_financial_scraper - INFO - Collecting financial news from FLM...
2025-06-23 14:17:13 - ultra_precise_financial_scraper - INFO - Found 15 potential financial articles from FLM
2025-06-23 14:17:15 - ultra_precise_financial_scraper - WARNING - Skipping https://flm.ma/news.php?id=54750 - Not a valid article
2025-06-23 14:17:20 - ultra_precise_financial_scraper - WARNING - Skipping https://flm.ma/news.php?id=54772 - Not a financial article
2025-06-23 14:17:23 - ultra_precise_financial_scraper - WARNING - Skipping https://flm.ma/news.php?id=54756 - Not a financial article
2025-06-23 14:17:26 - ultra_precise_financial_scraper - WARNING - Skipping https://flm.ma/article.php?id=12494 - Not a valid article
2025-06-23 14:17:28 - ultra_precise_financial_scraper - WARNING - Skipping https://flm.ma/article.php?id=12484 - Not a financial article
2025-06-23 14:17:30 - ultra_precise_financial_scraper - WARNING - Skipping https://flm.ma/news.php?id=54749 - Not a financial article
2025-06-23 14:17:36 - ultra_precise_financial_scraper - WARNING - Skipping https://flm.ma/article.php?id=12472 - Not a valid article
2025-06-23 14:17:40 - ultra_precise_financial_scraper - WARNING - Skipping https://flm.ma/article.php?id=12496 - Not a financial article
2025-06-23 14:17:42 - ultra_precise_financial_scraper - WARNING - Skipping https://flm.ma/news.php?id=46603 - Not a valid article
2025-06-23 14:17:47 - ultra_precise_financial_scraper - WARNING - Skipping https://flm.ma/article.php?id=12485 - Not a valid article
2025-06-23 14:17:50 - ultra_precise_financial_scraper - WARNING - Skipping https://flm.ma/news.php?id=54758 - Not a valid article
2025-06-23 14:17:54 - ultra_precise_financial_scraper - WARNING - Skipping https://flm.ma/article.php?id=12473 - Not a financial article
2025-06-23 14:17:54 - ultra_precise_financial_scraper - INFO - Successfully parsed 3 valid financial articles from FLM (rejected 12)
2025-06-23 14:17:54 - ultra_precise_financial_scraper - INFO - Collecting financial news from Le Desk...
2025-06-23 14:17:54 - ultra_precise_financial_scraper - INFO - Found 1 potential financial articles from Le Desk
2025-06-23 14:17:57 - ultra_precise_financial_scraper - INFO - Successfully parsed 1 valid financial articles from Le Desk (rejected 0)
2025-06-23 14:17:57 - ultra_precise_financial_scraper - INFO - Collecting financial news from H24Info...
2025-06-23 14:17:57 - ultra_precise_financial_scraper - INFO - Found 0 potential financial articles from H24Info
2025-06-23 14:17:57 - ultra_precise_financial_scraper - INFO - Successfully parsed 0 valid financial articles from H24Info (rejected 0)
2025-06-23 14:17:57 - ultra_precise_financial_scraper - INFO - Collecting financial news from Le Matin...
2025-06-23 14:17:58 - ultra_precise_financial_scraper - INFO - Found 15 potential financial articles from Le Matin
2025-06-23 14:18:06 - ultra_precise_financial_scraper - WARNING - Skipping https://lematin.ma/economie/petit-forestier-lance-le-1er-camion-frigorifique-100-electrique-au-maroc/286735 - Not a financial article
2025-06-23 14:18:11 - ultra_precise_financial_scraper - WARNING - Skipping https://lematin.ma/economie/le-maroc-bien-positionne-pour-capter-les-financements-de-la-bid/286723 - Not a valid article
2025-06-23 14:18:14 - ultra_precise_financial_scraper - WARNING - Skipping https://lematin.ma/economie/taghazout-bay-se-developpe-et-devoile-sa-programmation-pour-lete-2025/286858 - Not a financial article
2025-06-23 14:18:19 - ultra_precise_financial_scraper - WARNING - Skipping https://lematin.ma/economie/ryad-mezzour-financera-les-projets-des-chambres-dindustrie-et-de-commerce/286893 - Not a valid article
2025-06-23 14:18:25 - ultra_precise_financial_scraper - WARNING - Skipping https://lematin.ma/economie/artisanat-creation-de-288-corporations-professionnelles/287006 - Not a financial article
2025-06-23 14:18:41 - ultra_precise_financial_scraper - INFO - Successfully parsed 10 valid financial articles from Le Matin (rejected 5)
2025-06-23 14:18:41 - ultra_precise_financial_scraper - INFO - Collecting financial news from Medias24...
2025-06-23 14:18:42 - ultra_precise_financial_scraper - INFO - Found 15 potential financial articles from Medias24
2025-06-23 14:18:45 - ultra_precise_financial_scraper - ERROR - Error parsing article https://medias24.com/2025/06/23/voyage-a-letranger-la-narsa-rappelle-les-normes-obligatoires-pour-les-plaques-dimmatriculation/: cannot access local variable 'has_financial_metrics' where it is not associated with a value
2025-06-23 14:18:48 - ultra_precise_financial_scraper - WARNING - Skipping https://medias24.com/2025/06/23/drogues-929-kg-de-cocaine-interceptes-a-el-guergarat/ - Not a financial article
2025-06-23 14:18:52 - ultra_precise_financial_scraper - WARNING - Skipping https://medias24.com/2025/06/20/incendie-dans-la-foret-ouadras-a-ain-lahcen-tetouan-15-hectares-ravages/ - Not a financial article
2025-06-23 14:18:58 - ultra_precise_financial_scraper - WARNING - Skipping https://medias24.com/2025/06/20/exercice-naval-conjoint-maroc-france-pour-renforcer-la-securite-maritime/ - Not a financial article
2025-06-23 14:19:01 - ultra_precise_financial_scraper - WARNING - Skipping https://medias24.com/2025/06/20/service-militaire-2025-le-23-juin-dernier-delai-pour-remplir-le-formulaire-de-recensement/ - Not a financial article
2025-06-23 14:19:15 - ultra_precise_financial_scraper - WARNING - Skipping https://medias24.com/2025/06/20/letude-de-conception-du-barrage-ras-el-ma-difrane-bientot-lancee/ - Not a financial article
2025-06-23 14:19:22 - ultra_precise_financial_scraper - INFO - Successfully parsed 9 valid financial articles from Medias24 (rejected 6)
2025-06-23 14:19:22 - ultra_precise_financial_scraper - INFO - Collecting financial news from Finance News - Financial...
2025-06-23 14:19:24 - ultra_precise_financial_scraper - INFO - Found 15 potential financial articles from Finance News - Financial
2025-06-23 14:19:27 - ultra_precise_financial_scraper - WARNING - Skipping https://fnh.ma/article/actualite-financiere-maroc/chantier-protection-sociale-maroc-beneficiaires - Not a financial article
2025-06-23 14:19:29 - ultra_precise_financial_scraper - WARNING - Skipping https://fnh.ma/articles/actualite-financiere-maroc - Not a valid article
2025-06-23 14:19:34 - ultra_precise_financial_scraper - WARNING - Skipping https://fnh.ma/article/actualite-financiere-maroc/bourse-casablanca-2025 - Not a valid article
2025-06-23 14:19:53 - ultra_precise_financial_scraper - WARNING - Skipping https://fnh.ma/article/actualite-financiere-maroc/zoom-vicenne-bourse-de-casablanca - Not a valid article
2025-06-23 14:19:55 - ultra_precise_financial_scraper - WARNING - Skipping https://fnh.ma/articles/actualite-financiere-maroc/464 - Not a valid article
2025-06-23 14:20:00 - ultra_precise_financial_scraper - WARNING - Skipping https://fnh.ma/article/actualite-financiere-maroc/mnes-cotees-bourse-casablanca - Not a valid article
2025-06-23 14:20:14 - ultra_precise_financial_scraper - WARNING - Skipping https://fnh.ma/articles/actualite-financiere-maroc/2 - Not a valid article
2025-06-23 14:20:20 - ultra_precise_financial_scraper - WARNING - Skipping https://fnh.ma/article/actualite-financiere-maroc/saham-bank-societe-generale - Not a valid article
2025-06-23 14:20:22 - ultra_precise_financial_scraper - WARNING - Skipping https://fnh.ma/articles/actualite-financiere-maroc/3 - Not a valid article
2025-06-23 14:20:29 - ultra_precise_financial_scraper - WARNING - Skipping https://fnh.ma/articles/actualite-financiere-maroc/5 - Not a valid article
2025-06-23 14:20:29 - ultra_precise_financial_scraper - INFO - Successfully parsed 5 valid financial articles from Finance News - Financial (rejected 10)
2025-06-23 14:20:29 - ultra_precise_financial_scraper - INFO - Collecting financial news from Finance News - Economic...
2025-06-23 14:20:30 - ultra_precise_financial_scraper - INFO - Found 15 potential financial articles from Finance News - Economic
2025-06-23 14:20:36 - ultra_precise_financial_scraper - WARNING - Skipping https://fnh.ma/articles/actualite-economique/2 - Not a valid article
2025-06-23 14:20:41 - ultra_precise_financial_scraper - WARNING - Skipping https://fnh.ma/articles/actualite-economique/5 - Not a valid article
2025-06-23 14:20:48 - ultra_precise_financial_scraper - WARNING - Skipping https://fnh.ma/article/actualite-economique/bouees-sauvetage-teleguidees-maroc - Not a financial article
2025-06-23 14:20:50 - ultra_precise_financial_scraper - WARNING - Skipping https://fnh.ma/articles/actualite-economique/4 - Not a valid article
2025-06-23 14:21:00 - ultra_precise_financial_scraper - WARNING - Skipping https://fnh.ma/article/actualite-economique/akdital-rabat-etablissement-sante-maroc - Not a financial article
2025-06-23 14:21:02 - ultra_precise_financial_scraper - WARNING - Skipping https://fnh.ma/articles/actualite-economique - Not a valid article
2025-06-23 14:21:07 - ultra_precise_financial_scraper - WARNING - Skipping https://fnh.ma/article/actualite-economique/maroc-telecom-gouvernance-changement - Not a financial article
2025-06-23 14:21:11 - ultra_precise_financial_scraper - WARNING - Skipping https://fnh.ma/article/actualite-economique/cheptel-national-elevage - Not a financial article
2025-06-23 14:21:14 - ultra_precise_financial_scraper - WARNING - Skipping https://fnh.ma/articles/actualite-economique/3 - Not a valid article
2025-06-23 14:21:26 - ultra_precise_financial_scraper - WARNING - Skipping https://fnh.ma/article/actualite-economique/global-peace-index-2025 - Not a financial article
2025-06-23 14:21:28 - ultra_precise_financial_scraper - WARNING - Skipping https://fnh.ma/articles/actualite-economique/1036 - Not a valid article
2025-06-23 14:21:28 - ultra_precise_financial_scraper - INFO - Successfully parsed 4 valid financial articles from Finance News - Economic (rejected 11)
2025-06-23 14:21:28 - ultra_precise_financial_scraper - INFO - Added 6 new financial articles to /Users/mac/Desktop/Moroccan_Financial_News_Analysis_System/data/raw/moroccan_financial_news.csv
